"../../../Engine/Content/EditorResources/S_Actor.ubulk" 0
"../../../Engine/Content/EditorResources/S_Actor.uasset" 1
"../../../Engine/Content/EditorResources/S_Actor.uexp" 2
"../../../Engine/Content/EditorResources/S_BoxReflectionCapture.uasset" 3
"../../../Engine/Content/EditorResources/S_BoxReflectionCapture.uexp" 4
"../../../Engine/Content/EngineResources/DefaultTexture.ubulk" 5
"../../../Engine/Content/EngineResources/DefaultTexture.uasset" 6
"../../../Engine/Content/EngineResources/DefaultTexture.uexp" 7
"../../../Engine/Content/EngineResources/DefaultTextureCube.uasset" 8
"../../../Engine/Content/EngineResources/DefaultTextureCube.uexp" 9
"../../../Engine/Content/EngineResources/DefaultVolumeTexture2D.uasset" 10
"../../../Engine/Content/EngineResources/DefaultVolumeTexture2D.uexp" 11
"../../../Engine/Content/EngineResources/DefaultVolumeTexture.uasset" 12
"../../../Engine/Content/EngineResources/DefaultVolumeTexture.uexp" 13
"../../../Engine/Content/EditorResources/S_Trigger.ubulk" 14
"../../../Engine/Content/EditorResources/S_Trigger.uasset" 15
"../../../Engine/Content/EditorResources/S_Trigger.uexp" 16
"../../../Engine/Content/EditorResources/S_TriggerBox.uasset" 17
"../../../Engine/Content/EditorResources/S_TriggerBox.uexp" 18
"../../../Engine/Content/EditorResources/S_TriggerCapsule.uasset" 19
"../../../Engine/Content/EditorResources/S_TriggerCapsule.uexp" 20
"../../../Engine/Content/EditorResources/S_TriggerSphere.uasset" 21
"../../../Engine/Content/EditorResources/S_TriggerSphere.uexp" 22
"../../../Engine/Content/EngineMeshes/Sphere.ubulk" 23
"../../../Engine/Content/EngineMeshes/Sphere.uasset" 24
"../../../Engine/Content/EngineMeshes/Sphere.uexp" 25
"../../../Engine/Content/EngineMaterials/T_Default_Material_Grid_M.ubulk" 26
"../../../Engine/Content/EngineMaterials/T_Default_Material_Grid_M.uasset" 27
"../../../Engine/Content/EngineMaterials/T_Default_Material_Grid_M.uexp" 28
"../../../Engine/Content/EngineMaterials/T_Default_Material_Grid_N.ubulk" 29
"../../../Engine/Content/EngineMaterials/T_Default_Material_Grid_N.uasset" 30
"../../../Engine/Content/EngineMaterials/T_Default_Material_Grid_N.uexp" 31
"../../../Engine/Content/Functions/Engine_MaterialFunctions01/Opacity/CameraDepthFade.uasset" 32
"../../../Engine/Content/Functions/Engine_MaterialFunctions01/Opacity/CameraDepthFade.uexp" 33
"../../../Engine/Content/EngineMaterials/WorldGridMaterial.uasset" 34
"../../../Engine/Content/EngineMaterials/WorldGridMaterial.uexp" 35
"../../../Engine/Plugins/Media/MediaPlate/Content/SM_MediaPlateScreen.ubulk" 36
"../../../Engine/Plugins/Media/MediaPlate/Content/SM_MediaPlateScreen.uasset" 37
"../../../Engine/Plugins/Media/MediaPlate/Content/SM_MediaPlateScreen.uexp" 38
"../../../Engine/Content/Functions/Engine_MaterialFunctions02/WorldPositionOffset/CameraOffset.uasset" 39
"../../../Engine/Content/Functions/Engine_MaterialFunctions02/WorldPositionOffset/CameraOffset.uexp" 40
"../../../Engine/Plugins/Animation/ControlRig/Content/M_Manip.uasset" 41
"../../../Engine/Plugins/Animation/ControlRig/Content/M_Manip.uexp" 42
"../../../Engine/Plugins/Animation/ACLPlugin/Content/ACLAnimCurveCompressionSettings.uasset" 43
"../../../Engine/Plugins/Animation/ACLPlugin/Content/ACLAnimCurveCompressionSettings.uexp" 44
"../../../Engine/Plugins/Animation/ACLPlugin/Content/ACLAnimBoneCompressionSettings.uasset" 45
"../../../Engine/Plugins/Animation/ACLPlugin/Content/ACLAnimBoneCompressionSettings.uexp" 46
"../../../Engine/Plugins/2D/Paper2D/Content/PlaceholderTextures/DummySpriteTexture.ubulk" 47
"../../../Engine/Plugins/2D/Paper2D/Content/PlaceholderTextures/DummySpriteTexture.uasset" 48
"../../../Engine/Plugins/2D/Paper2D/Content/PlaceholderTextures/DummySpriteTexture.uexp" 49
"../../../Engine/Plugins/2D/Paper2D/Content/DefaultSpriteMaterial.uasset" 50
"../../../Engine/Plugins/2D/Paper2D/Content/DefaultSpriteMaterial.uexp" 51
"../../../Engine/Plugins/2D/Paper2D/Content/OpaqueUnlitSpriteMaterial.uasset" 52
"../../../Engine/Plugins/2D/Paper2D/Content/OpaqueUnlitSpriteMaterial.uexp" 53
"../../../Engine/Plugins/2D/Paper2D/Content/MaskedUnlitSpriteMaterial.uasset" 54
"../../../Engine/Plugins/2D/Paper2D/Content/MaskedUnlitSpriteMaterial.uexp" 55
"../../../Engine/Plugins/2D/Paper2D/Content/DummySprite.uasset" 56
"../../../Engine/Plugins/2D/Paper2D/Content/DummySprite.uexp" 57
"../../../Engine/Plugins/2D/Paper2D/Content/DefaultPaperTerrainMaterial.uasset" 58
"../../../Engine/Plugins/2D/Paper2D/Content/DefaultPaperTerrainMaterial.uexp" 59
"../../../Engine/Plugins/Runtime/MeshModelingToolset/Content/Materials/M_DynamicMeshComponentVtxColor.uasset" 60
"../../../Engine/Plugins/Runtime/MeshModelingToolset/Content/Materials/M_DynamicMeshComponentVtxColor.uexp" 61
"../../../Engine/Plugins/Runtime/HairStrands/Content/Materials/HairMeshesDefaultMaterial.uasset" 62
"../../../Engine/Plugins/Runtime/HairStrands/Content/Materials/HairMeshesDefaultMaterial.uexp" 63
"../../../Engine/Plugins/Runtime/HairStrands/Content/Materials/HairDefaultMaterial.uasset" 64
"../../../Engine/Plugins/Runtime/HairStrands/Content/Materials/HairDefaultMaterial.uexp" 65
"../../../Engine/Plugins/Runtime/HairStrands/Content/Materials/HairGroupColors.uasset" 66
"../../../Engine/Plugins/Runtime/HairStrands/Content/Materials/HairGroupColors.uexp" 67
"../../../Engine/Content/Functions/Engine_MaterialFunctions02/Utility/MakeFloat2.uasset" 68
"../../../Engine/Content/Functions/Engine_MaterialFunctions02/Utility/MakeFloat2.uexp" 69
"../../../Engine/Content/Functions/Engine_MaterialFunctions02/Utility/MakeFloat3.uasset" 70
"../../../Engine/Content/Functions/Engine_MaterialFunctions02/Utility/MakeFloat3.uexp" 71
"../../../Engine/Content/EngineMaterials/HairColorMap.uasset" 72
"../../../Engine/Content/EngineMaterials/HairColorMap.uexp" 73
"../../../Engine/Content/EngineMaterials/HairDebugColor.uasset" 74
"../../../Engine/Content/EngineMaterials/HairDebugColor.uexp" 75
"../../../Engine/Plugins/Runtime/HairStrands/Content/Materials/HairDebugMaterial.uasset" 76
"../../../Engine/Plugins/Runtime/HairStrands/Content/Materials/HairDebugMaterial.uexp" 77
"../../../Engine/Plugins/Runtime/HairStrands/Content/Materials/HairCardsDefaultMaterial.uasset" 78
"../../../Engine/Plugins/Runtime/HairStrands/Content/Materials/HairCardsDefaultMaterial.uexp" 79
"../../../Engine/Plugins/Runtime/AudioWidgets/Content/Resources/ScrubHandleDown_Clamped.uasset" 80
"../../../Engine/Plugins/Runtime/AudioWidgets/Content/Resources/ScrubHandleDown_Clamped.uexp" 81
"../../../Engine/Content/Functions/Engine_MaterialFunctions02/Texturing/CustomRotator.uasset" 82
"../../../Engine/Content/Functions/Engine_MaterialFunctions02/Texturing/CustomRotator.uexp" 83
"../../../Engine/Content/Functions/Engine_MaterialFunctions02/Utility/BreakOutFloat2Components.uasset" 84
"../../../Engine/Content/Functions/Engine_MaterialFunctions02/Utility/BreakOutFloat2Components.uexp" 85
"../../../Engine/Content/Functions/Engine_MaterialFunctions01/Texturing/ScaleUVsByCenter.uasset" 86
"../../../Engine/Content/Functions/Engine_MaterialFunctions01/Texturing/ScaleUVsByCenter.uexp" 87
"../../../Engine/Plugins/Runtime/AudioWidgets/Content/AudioMaterialSlate/Functions/MF_SingleLine_Smooth.uasset" 88
"../../../Engine/Plugins/Runtime/AudioWidgets/Content/AudioMaterialSlate/Functions/MF_SingleLine_Smooth.uexp" 89
"../../../Engine/Plugins/Runtime/AudioWidgets/Content/AudioMaterialSlate/Functions/MF_AngleGradient.uasset" 90
"../../../Engine/Plugins/Runtime/AudioWidgets/Content/AudioMaterialSlate/Functions/MF_AngleGradient.uexp" 91
"../../../Engine/Plugins/Runtime/AudioWidgets/Content/AudioMaterialSlate/Functions/MF_SingleLine.uasset" 92
"../../../Engine/Plugins/Runtime/AudioWidgets/Content/AudioMaterialSlate/Functions/MF_SingleLine.uexp" 93
"../../../Engine/Content/Functions/Engine_MaterialFunctions01/Gradient/SphereGradient-2D.uasset" 94
"../../../Engine/Content/Functions/Engine_MaterialFunctions01/Gradient/SphereGradient-2D.uexp" 95
"../../../Engine/Plugins/Runtime/AudioWidgets/Content/AudioMaterialSlate/M_AudioMaterialToggleButton.uasset" 96
"../../../Engine/Plugins/Runtime/AudioWidgets/Content/AudioMaterialSlate/M_AudioMaterialToggleButton.uexp" 97
"../../../Engine/Plugins/Runtime/AudioWidgets/Content/AudioMaterialSlate/MI_AudioMaterialToggleButton.uasset" 98
"../../../Engine/Plugins/Runtime/AudioWidgets/Content/AudioMaterialSlate/MI_AudioMaterialToggleButton.uexp" 99
"../../../Engine/Content/Functions/Engine_MaterialFunctions02/Utility/VectorLength.uasset" 100
"../../../Engine/Content/Functions/Engine_MaterialFunctions02/Utility/VectorLength.uexp" 101
"../../../Engine/Content/Functions/Engine_MaterialFunctions01/Gradient/GeneratedRoundRect.uasset" 102
"../../../Engine/Content/Functions/Engine_MaterialFunctions01/Gradient/GeneratedRoundRect.uexp" 103
"../../../Engine/Plugins/Runtime/AudioWidgets/Content/AudioMaterialSlate/M_AudioMaterialRoundedSlider.uasset" 104
"../../../Engine/Plugins/Runtime/AudioWidgets/Content/AudioMaterialSlate/M_AudioMaterialRoundedSlider.uexp" 105
"../../../Engine/Plugins/Runtime/AudioWidgets/Content/AudioMaterialSlate/MI_AudioMaterialRoundedSlider.uasset" 106
"../../../Engine/Plugins/Runtime/AudioWidgets/Content/AudioMaterialSlate/MI_AudioMaterialRoundedSlider.uexp" 107
"../../../Engine/Plugins/Runtime/AudioWidgets/Content/AudioMaterialSlate/Functions/MF_Lines.uasset" 108
"../../../Engine/Plugins/Runtime/AudioWidgets/Content/AudioMaterialSlate/Functions/MF_Lines.uexp" 109
"../../../Engine/Content/Functions/Engine_MaterialFunctions02/Lerp_3Color.uasset" 110
"../../../Engine/Content/Functions/Engine_MaterialFunctions02/Lerp_3Color.uexp" 111
"../../../Engine/Plugins/Runtime/AudioWidgets/Content/AudioMaterialSlate/M_AudioMaterialMeter.uasset" 112
"../../../Engine/Plugins/Runtime/AudioWidgets/Content/AudioMaterialSlate/M_AudioMaterialMeter.uexp" 113
"../../../Engine/Plugins/Runtime/AudioWidgets/Content/AudioMaterialSlate/MI_AudioMaterialMeter.uasset" 114
"../../../Engine/Plugins/Runtime/AudioWidgets/Content/AudioMaterialSlate/MI_AudioMaterialMeter.uexp" 115
"../../../Engine/Plugins/Runtime/AudioWidgets/Content/AudioMaterialSlate/M_AudioMaterialKnob.uasset" 116
"../../../Engine/Plugins/Runtime/AudioWidgets/Content/AudioMaterialSlate/M_AudioMaterialKnob.uexp" 117
"../../../Engine/Plugins/Runtime/AudioWidgets/Content/AudioMaterialSlate/MI_AudioMaterialKnob.uasset" 118
"../../../Engine/Plugins/Runtime/AudioWidgets/Content/AudioMaterialSlate/MI_AudioMaterialKnob.uexp" 119
"../../../Engine/Plugins/Runtime/AudioWidgets/Content/AudioMaterialSlate/Functions/MF_DotOutlined.uasset" 120
"../../../Engine/Plugins/Runtime/AudioWidgets/Content/AudioMaterialSlate/Functions/MF_DotOutlined.uexp" 121
"../../../Engine/Plugins/Runtime/AudioWidgets/Content/AudioMaterialSlate/M_AudioMaterialEnvelope_ADSR.uasset" 122
"../../../Engine/Plugins/Runtime/AudioWidgets/Content/AudioMaterialSlate/M_AudioMaterialEnvelope_ADSR.uexp" 123
"../../../Engine/Plugins/Runtime/AudioWidgets/Content/AudioMaterialSlate/MI_AudioMaterialEnvelope_ADSR.uasset" 124
"../../../Engine/Plugins/Runtime/AudioWidgets/Content/AudioMaterialSlate/MI_AudioMaterialEnvelope_ADSR.uexp" 125
"../../../Engine/Plugins/Interchange/Assets/Content/Functions/MX_UsdPreviewSurface.uasset" 126
"../../../Engine/Plugins/Interchange/Assets/Content/Functions/MX_UsdPreviewSurface.uexp" 127
"../../../Engine/Plugins/Interchange/Assets/Content/Functions/MX_UniformEDF.uasset" 128
"../../../Engine/Plugins/Interchange/Assets/Content/Functions/MX_UniformEDF.uexp" 129
"../../../Engine/Plugins/Interchange/Assets/Content/Functions/MX_TranslucentBSDF.uasset" 130
"../../../Engine/Plugins/Interchange/Assets/Content/Functions/MX_TranslucentBSDF.uexp" 131
"../../../Engine/Plugins/Interchange/Assets/Content/Functions/MX_ThinFilmBSDF.uasset" 132
"../../../Engine/Plugins/Interchange/Assets/Content/Functions/MX_ThinFilmBSDF.uexp" 133
"../../../Engine/Plugins/Interchange/Assets/Content/Functions/MX_SurfaceUnlit.uasset" 134
"../../../Engine/Plugins/Interchange/Assets/Content/Functions/MX_SurfaceUnlit.uexp" 135
"../../../Engine/Plugins/Interchange/Assets/Content/Functions/MX_Surface.uasset" 136
"../../../Engine/Plugins/Interchange/Assets/Content/Functions/MX_Surface.uexp" 137
"../../../Engine/Plugins/Interchange/Assets/Content/Functions/MX_SubsurfaceBSDF.uasset" 138
"../../../Engine/Plugins/Interchange/Assets/Content/Functions/MX_SubsurfaceBSDF.uexp" 139
"../../../Engine/Plugins/Interchange/Assets/Content/Functions/MX_SheenBSDF.uasset" 140
"../../../Engine/Plugins/Interchange/Assets/Content/Functions/MX_SheenBSDF.uexp" 141
"../../../Engine/Plugins/Interchange/Assets/Content/Functions/MX_OrenNayarBSDF.uasset" 142
"../../../Engine/Plugins/Interchange/Assets/Content/Functions/MX_OrenNayarBSDF.uexp" 143
"../../../Engine/Plugins/Interchange/Assets/Content/Utilities/New_LUT.uasset" 144
"../../../Engine/Plugins/Interchange/Assets/Content/Utilities/New_LUT.uexp" 145
"../../../Engine/Content/Functions/Engine_MaterialFunctions03/Math/RemapValueRange.uasset" 146
"../../../Engine/Content/Functions/Engine_MaterialFunctions03/Math/RemapValueRange.uexp" 147
"../../../Engine/Plugins/Interchange/Assets/Content/Functions/MF_Iridescence.uasset" 148
"../../../Engine/Plugins/Interchange/Assets/Content/Functions/MF_Iridescence.uexp" 149
"../../../Engine/Plugins/Interchange/Assets/Content/Functions/MX_StandardSurface.uasset" 150
"../../../Engine/Plugins/Interchange/Assets/Content/Functions/MX_StandardSurface.uexp" 151
"../../../Engine/Plugins/Interchange/Assets/Content/Functions/MX_TransmissionSurface.uasset" 152
"../../../Engine/Plugins/Interchange/Assets/Content/Functions/MX_TransmissionSurface.uexp" 153
"../../../Engine/Plugins/Interchange/Assets/Content/Functions/MX_OpenPBR_Translucent.uasset" 154
"../../../Engine/Plugins/Interchange/Assets/Content/Functions/MX_OpenPBR_Translucent.uexp" 155
"../../../Engine/Plugins/Interchange/Assets/Content/Functions/MX_OpenPBR_Opaque.uasset" 156
"../../../Engine/Plugins/Interchange/Assets/Content/Functions/MX_OpenPBR_Opaque.uexp" 157
"../../../Engine/Plugins/Interchange/Assets/Content/Functions/MX_MeasuredEDF.uasset" 158
"../../../Engine/Plugins/Interchange/Assets/Content/Functions/MX_MeasuredEDF.uexp" 159
"../../../Engine/Plugins/Interchange/Assets/Content/Functions/MX_GeneralizedSchlickBSDF.uasset" 160
"../../../Engine/Plugins/Interchange/Assets/Content/Functions/MX_GeneralizedSchlickBSDF.uexp" 161
"../../../Engine/Plugins/Interchange/Assets/Content/Functions/MX_DielectricBSDF.uasset" 162
"../../../Engine/Plugins/Interchange/Assets/Content/Functions/MX_DielectricBSDF.uexp" 163
"../../../Engine/Plugins/Interchange/Assets/Content/Functions/MX_ConicalEDF.uasset" 164
"../../../Engine/Plugins/Interchange/Assets/Content/Functions/MX_ConicalEDF.uexp" 165
"../../../Engine/Plugins/Interchange/Assets/Content/Functions/MX_ConductorBSDF.uasset" 166
"../../../Engine/Plugins/Interchange/Assets/Content/Functions/MX_ConductorBSDF.uexp" 167
"../../../Engine/Plugins/Interchange/Assets/Content/Functions/MX_BurleyDiffuseBSDF.uasset" 168
"../../../Engine/Plugins/Interchange/Assets/Content/Functions/MX_BurleyDiffuseBSDF.uexp" 169
"../../../Engine/Plugins/Interchange/Assets/Content/Functions/MX_AnisotropicVDF.uasset" 170
"../../../Engine/Plugins/Interchange/Assets/Content/Functions/MX_AnisotropicVDF.uexp" 171
"../../../Engine/Plugins/Interchange/Assets/Content/Functions/MX_AbsorptionVDF.uasset" 172
"../../../Engine/Plugins/Interchange/Assets/Content/Functions/MX_AbsorptionVDF.uexp" 173
"../../../Engine/Plugins/Editor/SpeedTreeImporter/Content/SpeedTree9/game_wind_noise.ubulk" 174
"../../../Engine/Plugins/Editor/SpeedTreeImporter/Content/SpeedTree9/game_wind_noise.uasset" 175
"../../../Engine/Plugins/Editor/SpeedTreeImporter/Content/SpeedTree9/game_wind_noise.uexp" 176
"../../../Engine/Plugins/Editor/SpeedTreeImporter/Content/SpeedTree9/UnpackDirection.uasset" 177
"../../../Engine/Plugins/Editor/SpeedTreeImporter/Content/SpeedTree9/UnpackDirection.uexp" 178
"../../../Engine/Content/Functions/Engine_MaterialFunctions02/ObjectLocalBounds.uasset" 179
"../../../Engine/Content/Functions/Engine_MaterialFunctions02/ObjectLocalBounds.uexp" 180
"../../../Engine/Content/Functions/Engine_MaterialFunctions02/Utility/BreakOutFloat3Components.uasset" 181
"../../../Engine/Content/Functions/Engine_MaterialFunctions02/Utility/BreakOutFloat3Components.uexp" 182
"../../../Engine/Content/Functions/Engine_MaterialFunctions02/UVs/BoundingBoxBased_0-1_UVW.uasset" 183
"../../../Engine/Content/Functions/Engine_MaterialFunctions02/UVs/BoundingBoxBased_0-1_UVW.uexp" 184
"../../../Engine/Plugins/Editor/SpeedTreeImporter/Content/SpeedTree9/UnpackInteger3.uasset" 185
"../../../Engine/Plugins/Editor/SpeedTreeImporter/Content/SpeedTree9/UnpackInteger3.uexp" 186
"../../../Engine/Plugins/Editor/SpeedTreeImporter/Content/SpeedTree9/SpeedTreeCameraFacing.uasset" 187
"../../../Engine/Plugins/Editor/SpeedTreeImporter/Content/SpeedTree9/SpeedTreeCameraFacing.uexp" 188
"../../../Engine/Content/Functions/Engine_MaterialFunctions02/WorldPositionOffset/ObjectScale.uasset" 189
"../../../Engine/Content/Functions/Engine_MaterialFunctions02/WorldPositionOffset/ObjectScale.uexp" 190
"../../../Engine/Content/Functions/Engine_MaterialFunctions02/SafeNormalize.uasset" 191
"../../../Engine/Content/Functions/Engine_MaterialFunctions02/SafeNormalize.uexp" 192
"../../../Engine/Plugins/Editor/SpeedTreeImporter/Content/SpeedTree9/SpeedTreeWindMotion.uasset" 193
"../../../Engine/Plugins/Editor/SpeedTreeImporter/Content/SpeedTree9/SpeedTreeWindMotion.uexp" 194
"../../../Engine/Plugins/Editor/SpeedTreeImporter/Content/SpeedTree9/SpeedTreeBranchMotion.uasset" 195
"../../../Engine/Plugins/Editor/SpeedTreeImporter/Content/SpeedTree9/SpeedTreeBranchMotion.uexp" 196
"../../../Engine/Plugins/Editor/SpeedTreeImporter/Content/SpeedTree9/SpeedTreeWind.uasset" 197
"../../../Engine/Plugins/Editor/SpeedTreeImporter/Content/SpeedTree9/SpeedTreeWind.uexp" 198
"../../../Engine/Plugins/Editor/SpeedTreeImporter/Content/SpeedTree9/EmptyNormal.uasset" 199
"../../../Engine/Plugins/Editor/SpeedTreeImporter/Content/SpeedTree9/EmptyNormal.uexp" 200
"../../../Engine/Plugins/Editor/SpeedTreeImporter/Content/SpeedTree9/Empty.uasset" 201
"../../../Engine/Plugins/Editor/SpeedTreeImporter/Content/SpeedTree9/Empty.uexp" 202
"../../../Engine/Plugins/Editor/SpeedTreeImporter/Content/SpeedTree9/SpeedTreeMaster.uasset" 203
"../../../Engine/Plugins/Editor/SpeedTreeImporter/Content/SpeedTree9/SpeedTreeMaster.uexp" 204
"../../../Engine/Plugins/Editor/SpeedTreeImporter/Content/SpeedTree9/SpeedTreeBillboard.uasset" 205
"../../../Engine/Plugins/Editor/SpeedTreeImporter/Content/SpeedTree9/SpeedTreeBillboard.uexp" 206
"../../../Engine/Plugins/Editor/SpeedTreeImporter/Content/SpeedTree9/SpeedTreeBillboardMaster.uasset" 207
"../../../Engine/Plugins/Editor/SpeedTreeImporter/Content/SpeedTree9/SpeedTreeBillboardMaster.uexp" 208
"../../../Engine/Plugins/Animation/ControlRig/Content/Controls/DefaultGizmoLibraryNormalized.uasset" 209
"../../../Engine/Plugins/Animation/ControlRig/Content/Controls/DefaultGizmoLibraryNormalized.uexp" 210
"../../../Engine/Plugins/Animation/ControlRig/Content/Controls/ControlRig_Wedge_solid.ubulk" 211
"../../../Engine/Plugins/Animation/ControlRig/Content/Controls/ControlRig_Wedge_solid.uasset" 212
"../../../Engine/Plugins/Animation/ControlRig/Content/Controls/ControlRig_Wedge_solid.uexp" 213
"../../../Engine/Plugins/Animation/ControlRig/Content/Controls/ControlRig_Wedge_3mm.ubulk" 214
"../../../Engine/Plugins/Animation/ControlRig/Content/Controls/ControlRig_Wedge_3mm.uasset" 215
"../../../Engine/Plugins/Animation/ControlRig/Content/Controls/ControlRig_Wedge_3mm.uexp" 216
"../../../Engine/Plugins/Animation/ControlRig/Content/Controls/ControlRig_Wedge_1mm.ubulk" 217
"../../../Engine/Plugins/Animation/ControlRig/Content/Controls/ControlRig_Wedge_1mm.uasset" 218
"../../../Engine/Plugins/Animation/ControlRig/Content/Controls/ControlRig_Wedge_1mm.uexp" 219
"../../../Engine/Plugins/Animation/ControlRig/Content/Controls/ControlRig_Triangle_solid.ubulk" 220
"../../../Engine/Plugins/Animation/ControlRig/Content/Controls/ControlRig_Triangle_solid.uasset" 221
"../../../Engine/Plugins/Animation/ControlRig/Content/Controls/ControlRig_Triangle_solid.uexp" 222
"../../../Engine/Plugins/Animation/ControlRig/Content/Controls/ControlRig_Triangle_3mm.ubulk" 223
"../../../Engine/Plugins/Animation/ControlRig/Content/Controls/ControlRig_Triangle_3mm.uasset" 224
"../../../Engine/Plugins/Animation/ControlRig/Content/Controls/ControlRig_Triangle_3mm.uexp" 225
"../../../Engine/Plugins/Animation/ControlRig/Content/Controls/ControlRig_Triangle_1mm.ubulk" 226
"../../../Engine/Plugins/Animation/ControlRig/Content/Controls/ControlRig_Triangle_1mm.uasset" 227
"../../../Engine/Plugins/Animation/ControlRig/Content/Controls/ControlRig_Triangle_1mm.uexp" 228
"../../../Engine/Plugins/Animation/ControlRig/Content/Controls/ControlRig_Star4_solid.ubulk" 229
"../../../Engine/Plugins/Animation/ControlRig/Content/Controls/ControlRig_Star4_solid.uasset" 230
"../../../Engine/Plugins/Animation/ControlRig/Content/Controls/ControlRig_Star4_solid.uexp" 231
"../../../Engine/Plugins/Animation/ControlRig/Content/Controls/ControlRig_Star4_3mm.ubulk" 232
"../../../Engine/Plugins/Animation/ControlRig/Content/Controls/ControlRig_Star4_3mm.uasset" 233
"../../../Engine/Plugins/Animation/ControlRig/Content/Controls/ControlRig_Star4_3mm.uexp" 234
"../../../Engine/Plugins/Animation/ControlRig/Content/Controls/ControlRig_Star4_1mm.ubulk" 235
"../../../Engine/Plugins/Animation/ControlRig/Content/Controls/ControlRig_Star4_1mm.uasset" 236
"../../../Engine/Plugins/Animation/ControlRig/Content/Controls/ControlRig_Star4_1mm.uexp" 237
"../../../Engine/Plugins/Animation/ControlRig/Content/Controls/ControlRig_Square_solid.ubulk" 238
"../../../Engine/Plugins/Animation/ControlRig/Content/Controls/ControlRig_Square_solid.uasset" 239
"../../../Engine/Plugins/Animation/ControlRig/Content/Controls/ControlRig_Square_solid.uexp" 240
"../../../Engine/Plugins/Animation/ControlRig/Content/Controls/ControlRig_Square_3mm.ubulk" 241
"../../../Engine/Plugins/Animation/ControlRig/Content/Controls/ControlRig_Square_3mm.uasset" 242
"../../../Engine/Plugins/Animation/ControlRig/Content/Controls/ControlRig_Square_3mm.uexp" 243
"../../../Engine/Plugins/Animation/ControlRig/Content/Controls/ControlRig_Square_1mm.ubulk" 244
"../../../Engine/Plugins/Animation/ControlRig/Content/Controls/ControlRig_Square_1mm.uasset" 245
"../../../Engine/Plugins/Animation/ControlRig/Content/Controls/ControlRig_Square_1mm.uexp" 246
"../../../Engine/Plugins/Animation/ControlRig/Content/Controls/ControlRig_Sphere_solid.ubulk" 247
"../../../Engine/Plugins/Animation/ControlRig/Content/Controls/ControlRig_Sphere_solid.uasset" 248
"../../../Engine/Plugins/Animation/ControlRig/Content/Controls/ControlRig_Sphere_solid.uexp" 249
"../../../Engine/Plugins/Animation/ControlRig/Content/Controls/ControlRig_Sphere_3mm.ubulk" 250
"../../../Engine/Plugins/Animation/ControlRig/Content/Controls/ControlRig_Sphere_3mm.uasset" 251
"../../../Engine/Plugins/Animation/ControlRig/Content/Controls/ControlRig_Sphere_3mm.uexp" 252
"../../../Engine/Plugins/Animation/ControlRig/Content/Controls/ControlRig_Sphere_1mm.ubulk" 253
"../../../Engine/Plugins/Animation/ControlRig/Content/Controls/ControlRig_Sphere_1mm.uasset" 254
"../../../Engine/Plugins/Animation/ControlRig/Content/Controls/ControlRig_Sphere_1mm.uexp" 255
"../../../Engine/Plugins/Animation/ControlRig/Content/Controls/ControlRig_RoundedTriangle_solid.ubulk" 256
"../../../Engine/Plugins/Animation/ControlRig/Content/Controls/ControlRig_RoundedTriangle_solid.uasset" 257
"../../../Engine/Plugins/Animation/ControlRig/Content/Controls/ControlRig_RoundedTriangle_solid.uexp" 258
"../../../Engine/Plugins/Animation/ControlRig/Content/Controls/ControlRig_RoundedTriangle_3mm.ubulk" 259
"../../../Engine/Plugins/Animation/ControlRig/Content/Controls/ControlRig_RoundedTriangle_3mm.uasset" 260
"../../../Engine/Plugins/Animation/ControlRig/Content/Controls/ControlRig_RoundedTriangle_3mm.uexp" 261
"../../../Engine/Plugins/Animation/ControlRig/Content/Controls/ControlRig_RoundedTriangle_1mm.ubulk" 262
"../../../Engine/Plugins/Animation/ControlRig/Content/Controls/ControlRig_RoundedTriangle_1mm.uasset" 263
"../../../Engine/Plugins/Animation/ControlRig/Content/Controls/ControlRig_RoundedTriangle_1mm.uexp" 264
"../../../Engine/Plugins/Animation/ControlRig/Content/Controls/ControlRig_RoundedSquare_solid.ubulk" 265
"../../../Engine/Plugins/Animation/ControlRig/Content/Controls/ControlRig_RoundedSquare_solid.uasset" 266
"../../../Engine/Plugins/Animation/ControlRig/Content/Controls/ControlRig_RoundedSquare_solid.uexp" 267
"../../../Engine/Plugins/Animation/ControlRig/Content/Controls/ControlRig_RoundedSquare_3mm.ubulk" 268
"../../../Engine/Plugins/Animation/ControlRig/Content/Controls/ControlRig_RoundedSquare_3mm.uasset" 269
"../../../Engine/Plugins/Animation/ControlRig/Content/Controls/ControlRig_RoundedSquare_3mm.uexp" 270
"../../../Engine/Plugins/Animation/ControlRig/Content/Controls/ControlRig_RoundedSquare_1mm.ubulk" 271
"../../../Engine/Plugins/Animation/ControlRig/Content/Controls/ControlRig_RoundedSquare_1mm.uasset" 272
"../../../Engine/Plugins/Animation/ControlRig/Content/Controls/ControlRig_RoundedSquare_1mm.uexp" 273
"../../../Engine/Plugins/Animation/ControlRig/Content/Controls/ControlRig_QuarterCircle_solid.ubulk" 274
"../../../Engine/Plugins/Animation/ControlRig/Content/Controls/ControlRig_QuarterCircle_solid.uasset" 275
"../../../Engine/Plugins/Animation/ControlRig/Content/Controls/ControlRig_QuarterCircle_solid.uexp" 276
"../../../Engine/Plugins/Animation/ControlRig/Content/Controls/ControlRig_QuarterCircle_3mm.ubulk" 277
"../../../Engine/Plugins/Animation/ControlRig/Content/Controls/ControlRig_QuarterCircle_3mm.uasset" 278
"../../../Engine/Plugins/Animation/ControlRig/Content/Controls/ControlRig_QuarterCircle_3mm.uexp" 279
"../../../Engine/Plugins/Animation/ControlRig/Content/Controls/ControlRig_QuarterCircle_1mm.ubulk" 280
"../../../Engine/Plugins/Animation/ControlRig/Content/Controls/ControlRig_QuarterCircle_1mm.uasset" 281
"../../../Engine/Plugins/Animation/ControlRig/Content/Controls/ControlRig_QuarterCircle_1mm.uexp" 282
"../../../Engine/Plugins/Animation/ControlRig/Content/Controls/ControlRig_Pyramid_solid.ubulk" 283
"../../../Engine/Plugins/Animation/ControlRig/Content/Controls/ControlRig_Pyramid_solid.uasset" 284
"../../../Engine/Plugins/Animation/ControlRig/Content/Controls/ControlRig_Pyramid_solid.uexp" 285
"../../../Engine/Plugins/Animation/ControlRig/Content/Controls/ControlRig_Pyramid_3mm.ubulk" 286
"../../../Engine/Plugins/Animation/ControlRig/Content/Controls/ControlRig_Pyramid_3mm.uasset" 287
"../../../Engine/Plugins/Animation/ControlRig/Content/Controls/ControlRig_Pyramid_3mm.uexp" 288
"../../../Engine/Plugins/Animation/ControlRig/Content/Controls/ControlRig_Pyramid_1mm.ubulk" 289
"../../../Engine/Plugins/Animation/ControlRig/Content/Controls/ControlRig_Pyramid_1mm.uasset" 290
"../../../Engine/Plugins/Animation/ControlRig/Content/Controls/ControlRig_Pyramid_1mm.uexp" 291
"../../../Engine/Plugins/Animation/ControlRig/Content/Controls/ControlRig_Octagon_solid.ubulk" 292
"../../../Engine/Plugins/Animation/ControlRig/Content/Controls/ControlRig_Octagon_solid.uasset" 293
"../../../Engine/Plugins/Animation/ControlRig/Content/Controls/ControlRig_Octagon_solid.uexp" 294
"../../../Engine/Plugins/Animation/ControlRig/Content/Controls/ControlRig_Octagon_3mm.ubulk" 295
"../../../Engine/Plugins/Animation/ControlRig/Content/Controls/ControlRig_Octagon_3mm.uasset" 296
"../../../Engine/Plugins/Animation/ControlRig/Content/Controls/ControlRig_Octagon_3mm.uexp" 297
"../../../Engine/Plugins/Animation/ControlRig/Content/Controls/ControlRig_Octagon_1mm.ubulk" 298
"../../../Engine/Plugins/Animation/ControlRig/Content/Controls/ControlRig_Octagon_1mm.uasset" 299
"../../../Engine/Plugins/Animation/ControlRig/Content/Controls/ControlRig_Octagon_1mm.uexp" 300
"../../../Engine/Plugins/Animation/ControlRig/Content/Controls/ControlRig_Hexagon_solid.ubulk" 301
"../../../Engine/Plugins/Animation/ControlRig/Content/Controls/ControlRig_Hexagon_solid.uasset" 302
"../../../Engine/Plugins/Animation/ControlRig/Content/Controls/ControlRig_Hexagon_solid.uexp" 303
"../../../Engine/Plugins/Animation/ControlRig/Content/Controls/ControlRig_Hexagon_3mm.ubulk" 304
"../../../Engine/Plugins/Animation/ControlRig/Content/Controls/ControlRig_Hexagon_3mm.uasset" 305
"../../../Engine/Plugins/Animation/ControlRig/Content/Controls/ControlRig_Hexagon_3mm.uexp" 306
"../../../Engine/Plugins/Animation/ControlRig/Content/Controls/ControlRig_Hexagon_1mm.ubulk" 307
"../../../Engine/Plugins/Animation/ControlRig/Content/Controls/ControlRig_Hexagon_1mm.uasset" 308
"../../../Engine/Plugins/Animation/ControlRig/Content/Controls/ControlRig_Hexagon_1mm.uexp" 309
"../../../Engine/Plugins/Animation/ControlRig/Content/Controls/ControlRig_HalfCircle_solid.ubulk" 310
"../../../Engine/Plugins/Animation/ControlRig/Content/Controls/ControlRig_HalfCircle_solid.uasset" 311
"../../../Engine/Plugins/Animation/ControlRig/Content/Controls/ControlRig_HalfCircle_solid.uexp" 312
"../../../Engine/Plugins/Animation/ControlRig/Content/Controls/ControlRig_HalfCircle_3mm.ubulk" 313
"../../../Engine/Plugins/Animation/ControlRig/Content/Controls/ControlRig_HalfCircle_3mm.uasset" 314
"../../../Engine/Plugins/Animation/ControlRig/Content/Controls/ControlRig_HalfCircle_3mm.uexp" 315
"../../../Engine/Plugins/Animation/ControlRig/Content/Controls/ControlRig_HalfCircle_1mm.ubulk" 316
"../../../Engine/Plugins/Animation/ControlRig/Content/Controls/ControlRig_HalfCircle_1mm.uasset" 317
"../../../Engine/Plugins/Animation/ControlRig/Content/Controls/ControlRig_HalfCircle_1mm.uexp" 318
"../../../Engine/Plugins/Animation/ControlRig/Content/Controls/ControlRig_Diamond_solid.ubulk" 319
"../../../Engine/Plugins/Animation/ControlRig/Content/Controls/ControlRig_Diamond_solid.uasset" 320
"../../../Engine/Plugins/Animation/ControlRig/Content/Controls/ControlRig_Diamond_solid.uexp" 321
"../../../Engine/Plugins/Animation/ControlRig/Content/Controls/ControlRig_Diamond_3mm.ubulk" 322
"../../../Engine/Plugins/Animation/ControlRig/Content/Controls/ControlRig_Diamond_3mm.uasset" 323
"../../../Engine/Plugins/Animation/ControlRig/Content/Controls/ControlRig_Diamond_3mm.uexp" 324
"../../../Engine/Plugins/Animation/ControlRig/Content/Controls/ControlRig_Diamond_1mm.ubulk" 325
"../../../Engine/Plugins/Animation/ControlRig/Content/Controls/ControlRig_Diamond_1mm.uasset" 326
"../../../Engine/Plugins/Animation/ControlRig/Content/Controls/ControlRig_Diamond_1mm.uexp" 327
"../../../Engine/Plugins/Animation/ControlRig/Content/Controls/ControlRig_Circle_solid.ubulk" 328
"../../../Engine/Plugins/Animation/ControlRig/Content/Controls/ControlRig_Circle_solid.uasset" 329
"../../../Engine/Plugins/Animation/ControlRig/Content/Controls/ControlRig_Circle_solid.uexp" 330
"../../../Engine/Plugins/Animation/ControlRig/Content/Controls/ControlRig_Circle_3mm.ubulk" 331
"../../../Engine/Plugins/Animation/ControlRig/Content/Controls/ControlRig_Circle_3mm.uasset" 332
"../../../Engine/Plugins/Animation/ControlRig/Content/Controls/ControlRig_Circle_3mm.uexp" 333
"../../../Engine/Plugins/Animation/ControlRig/Content/Controls/ControlRig_Circle_1mm.ubulk" 334
"../../../Engine/Plugins/Animation/ControlRig/Content/Controls/ControlRig_Circle_1mm.uasset" 335
"../../../Engine/Plugins/Animation/ControlRig/Content/Controls/ControlRig_Circle_1mm.uexp" 336
"../../../Engine/Plugins/Animation/ControlRig/Content/Controls/ControlRig_Box_solid.ubulk" 337
"../../../Engine/Plugins/Animation/ControlRig/Content/Controls/ControlRig_Box_solid.uasset" 338
"../../../Engine/Plugins/Animation/ControlRig/Content/Controls/ControlRig_Box_solid.uexp" 339
"../../../Engine/Plugins/Animation/ControlRig/Content/Controls/ControlRig_Box_3mm.ubulk" 340
"../../../Engine/Plugins/Animation/ControlRig/Content/Controls/ControlRig_Box_3mm.uasset" 341
"../../../Engine/Plugins/Animation/ControlRig/Content/Controls/ControlRig_Box_3mm.uexp" 342
"../../../Engine/Plugins/Animation/ControlRig/Content/Controls/ControlRig_Box_1mm.ubulk" 343
"../../../Engine/Plugins/Animation/ControlRig/Content/Controls/ControlRig_Box_1mm.uasset" 344
"../../../Engine/Plugins/Animation/ControlRig/Content/Controls/ControlRig_Box_1mm.uexp" 345
"../../../Engine/Plugins/Animation/ControlRig/Content/Controls/ControlRig_Arrow_solid.ubulk" 346
"../../../Engine/Plugins/Animation/ControlRig/Content/Controls/ControlRig_Arrow_solid.uasset" 347
"../../../Engine/Plugins/Animation/ControlRig/Content/Controls/ControlRig_Arrow_solid.uexp" 348
"../../../Engine/Plugins/Animation/ControlRig/Content/Controls/ControlRig_Arrow_3mm.ubulk" 349
"../../../Engine/Plugins/Animation/ControlRig/Content/Controls/ControlRig_Arrow_3mm.uasset" 350
"../../../Engine/Plugins/Animation/ControlRig/Content/Controls/ControlRig_Arrow_3mm.uexp" 351
"../../../Engine/Plugins/Animation/ControlRig/Content/Controls/ControlRig_Arrow_1mm.ubulk" 352
"../../../Engine/Plugins/Animation/ControlRig/Content/Controls/ControlRig_Arrow_1mm.uasset" 353
"../../../Engine/Plugins/Animation/ControlRig/Content/Controls/ControlRig_Arrow_1mm.uexp" 354
"../../../Engine/Plugins/Animation/ControlRig/Content/Controls/ControlRig_Arrow4_solid.ubulk" 355
"../../../Engine/Plugins/Animation/ControlRig/Content/Controls/ControlRig_Arrow4_solid.uasset" 356
"../../../Engine/Plugins/Animation/ControlRig/Content/Controls/ControlRig_Arrow4_solid.uexp" 357
"../../../Engine/Plugins/Animation/ControlRig/Content/Controls/ControlRig_Arrow4_3mm.ubulk" 358
"../../../Engine/Plugins/Animation/ControlRig/Content/Controls/ControlRig_Arrow4_3mm.uasset" 359
"../../../Engine/Plugins/Animation/ControlRig/Content/Controls/ControlRig_Arrow4_3mm.uexp" 360
"../../../Engine/Plugins/Animation/ControlRig/Content/Controls/ControlRig_Arrow4_1mm.ubulk" 361
"../../../Engine/Plugins/Animation/ControlRig/Content/Controls/ControlRig_Arrow4_1mm.uasset" 362
"../../../Engine/Plugins/Animation/ControlRig/Content/Controls/ControlRig_Arrow4_1mm.uexp" 363
"../../../Engine/Plugins/Animation/ControlRig/Content/Controls/ControlRig_Arrow2_solid.ubulk" 364
"../../../Engine/Plugins/Animation/ControlRig/Content/Controls/ControlRig_Arrow2_solid.uasset" 365
"../../../Engine/Plugins/Animation/ControlRig/Content/Controls/ControlRig_Arrow2_solid.uexp" 366
"../../../Engine/Plugins/Animation/ControlRig/Content/Controls/ControlRig_Arrow2_3mm.ubulk" 367
"../../../Engine/Plugins/Animation/ControlRig/Content/Controls/ControlRig_Arrow2_3mm.uasset" 368
"../../../Engine/Plugins/Animation/ControlRig/Content/Controls/ControlRig_Arrow2_3mm.uexp" 369
"../../../Engine/Plugins/Animation/ControlRig/Content/Controls/ControlRig_Arrow2_1mm.ubulk" 370
"../../../Engine/Plugins/Animation/ControlRig/Content/Controls/ControlRig_Arrow2_1mm.uasset" 371
"../../../Engine/Plugins/Animation/ControlRig/Content/Controls/ControlRig_Arrow2_1mm.uexp" 372
"../../../Engine/Plugins/Animation/ControlRig/Content/Controls/ControlRigXRayMaterial.uasset" 373
"../../../Engine/Plugins/Animation/ControlRig/Content/Controls/ControlRigXRayMaterial.uexp" 374
"../../../Engine/Plugins/Animation/ControlRig/Content/Controls/ControlRigGizmoMaterial.uasset" 375
"../../../Engine/Plugins/Animation/ControlRig/Content/Controls/ControlRigGizmoMaterial.uexp" 376
"../../../Engine/Content/EngineSounds/Master.uasset" 377
"../../../Engine/Content/EngineSounds/Master.uexp" 378
"../../../Engine/Content/EngineResources/GradientTexture0.uasset" 379
"../../../Engine/Content/EngineResources/GradientTexture0.uexp" 380
"../../../Engine/Content/EngineResources/Black.uasset" 381
"../../../Engine/Content/EngineResources/Black.uexp" 382
"../../../Engine/Content/EngineResources/WhiteSquareTexture.uasset" 383
"../../../Engine/Content/EngineResources/WhiteSquareTexture.uexp" 384
"../../../Engine/Content/EngineMaterials/Widget3DPassThrough.uasset" 385
"../../../Engine/Content/EngineMaterials/Widget3DPassThrough.uexp" 386
"../../../Engine/Content/EngineMaterials/Widget3DPassThrough_Translucent.uasset" 387
"../../../Engine/Content/EngineMaterials/Widget3DPassThrough_Translucent.uexp" 388
"../../../Engine/Content/EngineMaterials/Widget3DPassThrough_Translucent_OneSided.uasset" 389
"../../../Engine/Content/EngineMaterials/Widget3DPassThrough_Translucent_OneSided.uexp" 390
"../../../Engine/Content/EngineMaterials/Widget3DPassThrough_Opaque.uasset" 391
"../../../Engine/Content/EngineMaterials/Widget3DPassThrough_Opaque.uexp" 392
"../../../Engine/Content/EngineMaterials/Widget3DPassThrough_Opaque_OneSided.uasset" 393
"../../../Engine/Content/EngineMaterials/Widget3DPassThrough_Opaque_OneSided.uexp" 394
"../../../Engine/Content/EngineMaterials/Widget3DPassThrough_Masked_OneSided.uasset" 395
"../../../Engine/Content/EngineMaterials/Widget3DPassThrough_Masked_OneSided.uexp" 396
"../../../Engine/Content/EngineMaterials/Widget3DPassThrough_Masked.uasset" 397
"../../../Engine/Content/EngineMaterials/Widget3DPassThrough_Masked.uexp" 398
"../../../Engine/Content/EngineMaterials/WeightMapPlaceholderTexture.uasset" 399
"../../../Engine/Content/EngineMaterials/WeightMapPlaceholderTexture.uexp" 400
"../../../Engine/Content/EngineMaterials/WeightMapArrayPlaceholderTexture.uasset" 401
"../../../Engine/Content/EngineMaterials/WeightMapArrayPlaceholderTexture.uexp" 402
"../../../Engine/Content/EngineMaterials/RemoveSurfaceMaterial.uasset" 403
"../../../Engine/Content/EngineMaterials/RemoveSurfaceMaterial.uexp" 404
"../../../Engine/Content/EngineMaterials/PreintegratedSkinBRDF.uasset" 405
"../../../Engine/Content/EngineMaterials/PreintegratedSkinBRDF.uexp" 406
"../../../Engine/Content/EngineMaterials/DefaultCalibrationGrayscale.uasset" 407
"../../../Engine/Content/EngineMaterials/DefaultCalibrationGrayscale.uexp" 408
"../../../Engine/Content/EngineMaterials/PPM_DefaultCalibrationGrayscale.uasset" 409
"../../../Engine/Content/EngineMaterials/PPM_DefaultCalibrationGrayscale.uexp" 410
"../../../Engine/Content/EngineMaterials/DefaultCalibrationColor.uasset" 411
"../../../Engine/Content/EngineMaterials/DefaultCalibrationColor.uexp" 412
"../../../Engine/Content/EngineMaterials/PPM_DefaultCalibrationColor.uasset" 413
"../../../Engine/Content/EngineMaterials/PPM_DefaultCalibrationColor.uexp" 414
"../../../Engine/Content/EngineMaterials/PhAT_JointLimitMaterial.uasset" 415
"../../../Engine/Content/EngineMaterials/PhAT_JointLimitMaterial.uexp" 416
"../../../Engine/Content/EngineMaterials/NaniteHiddenSectionMaterial.uasset" 417
"../../../Engine/Content/EngineMaterials/NaniteHiddenSectionMaterial.uexp" 418
"../../../Engine/Content/EngineMaterials/InvalidLightmapSettings.ubulk" 419
"../../../Engine/Content/EngineMaterials/InvalidLightmapSettings.uasset" 420
"../../../Engine/Content/EngineMaterials/InvalidLightmapSettings.uexp" 421
"../../../Engine/Content/EngineMaterials/M_InvalidLightmapSettings.uasset" 422
"../../../Engine/Content/EngineMaterials/M_InvalidLightmapSettings.uexp" 423
"../../../Engine/Content/EngineMaterials/MiniFont.uasset" 424
"../../../Engine/Content/EngineMaterials/MiniFont.uexp" 425
"../../../Engine/Content/EngineMaterials/GizmoMaterial.uasset" 426
"../../../Engine/Content/EngineMaterials/GizmoMaterial.uexp" 427
"../../../Engine/Content/EngineMaterials/BaseFlattenEmissiveMap_VT.uasset" 428
"../../../Engine/Content/EngineMaterials/BaseFlattenEmissiveMap_VT.uexp" 429
"../../../Engine/Content/EngineMaterials/BaseFlattenGrayscaleMap_VT.uasset" 430
"../../../Engine/Content/EngineMaterials/BaseFlattenGrayscaleMap_VT.uexp" 431
"../../../Engine/Content/EngineMaterials/BaseFlattenLinearColor_VT.uasset" 432
"../../../Engine/Content/EngineMaterials/BaseFlattenLinearColor_VT.uexp" 433
"../../../Engine/Content/EngineMaterials/Black_1x1_EXR_Texture_VT.uasset" 434
"../../../Engine/Content/EngineMaterials/Black_1x1_EXR_Texture_VT.uexp" 435
"../../../Engine/Content/EngineMaterials/BaseFlattenDiffuseMap_VT.uasset" 436
"../../../Engine/Content/EngineMaterials/BaseFlattenDiffuseMap_VT.uexp" 437
"../../../Engine/Content/EngineMaterials/BaseFlattenNormalMap_VT.uasset" 438
"../../../Engine/Content/EngineMaterials/BaseFlattenNormalMap_VT.uexp" 439
"../../../Engine/Content/EngineMaterials/FlattenMaterial_WS_Normal_VT.uasset" 440
"../../../Engine/Content/EngineMaterials/FlattenMaterial_WS_Normal_VT.uexp" 441
"../../../Engine/Content/EngineMaterials/FlattenMaterial_VT.uasset" 442
"../../../Engine/Content/EngineMaterials/FlattenMaterial_VT.uexp" 443
"../../../Engine/Content/EngineMaterials/BaseFlattenNormalMap.uasset" 444
"../../../Engine/Content/EngineMaterials/BaseFlattenNormalMap.uexp" 445
"../../../Engine/Content/EngineMaterials/BaseFlattenGrayscaleMap.uasset" 446
"../../../Engine/Content/EngineMaterials/BaseFlattenGrayscaleMap.uexp" 447
"../../../Engine/Content/EngineMaterials/BaseFlattenDiffuseMap.uasset" 448
"../../../Engine/Content/EngineMaterials/BaseFlattenDiffuseMap.uexp" 449
"../../../Engine/Content/Functions/Engine_MaterialFunctions02/PivotPainter2/Black_1x1_EXR_Texture.uasset" 450
"../../../Engine/Content/Functions/Engine_MaterialFunctions02/PivotPainter2/Black_1x1_EXR_Texture.uexp" 451
"../../../Engine/Content/EngineMaterials/BaseFlattenEmissiveMap.uasset" 452
"../../../Engine/Content/EngineMaterials/BaseFlattenEmissiveMap.uexp" 453
"../../../Engine/Content/EngineMaterials/BaseFlattenLinearColor.uasset" 454
"../../../Engine/Content/EngineMaterials/BaseFlattenLinearColor.uexp" 455
"../../../Engine/Content/EngineMaterials/FlattenMaterial.uasset" 456
"../../../Engine/Content/EngineMaterials/FlattenMaterial.uexp" 457
"../../../Engine/Content/EngineMaterials/FastBlueNoise_vec2_128x128x64.uasset" 458
"../../../Engine/Content/EngineMaterials/FastBlueNoise_vec2_128x128x64.uexp" 459
"../../../Engine/Content/EngineMaterials/FastBlueNoise_scalar_128x128x64.uasset" 460
"../../../Engine/Content/EngineMaterials/FastBlueNoise_scalar_128x128x64.uexp" 461
"../../../Engine/Content/EngineMaterials/DefaultWhiteGrid_Low.uasset" 462
"../../../Engine/Content/EngineMaterials/DefaultWhiteGrid_Low.uexp" 463
"../../../Engine/Content/EngineMaterials/EmissiveMeshMaterial.uasset" 464
"../../../Engine/Content/EngineMaterials/EmissiveMeshMaterial.uexp" 465
"../../../Engine/Content/EngineMaterials/DefaultWhiteGrid.ubulk" 466
"../../../Engine/Content/EngineMaterials/DefaultWhiteGrid.uasset" 467
"../../../Engine/Content/EngineMaterials/DefaultWhiteGrid.uexp" 468
"../../../Engine/Content/EngineFonts/RobotoDistanceField.uasset" 469
"../../../Engine/Content/EngineFonts/RobotoDistanceField.uexp" 470
"../../../Engine/Content/EngineMaterials/DefaultTextMaterialOpaque.uasset" 471
"../../../Engine/Content/EngineMaterials/DefaultTextMaterialOpaque.uexp" 472
"../../../Engine/Content/EngineMaterials/DefaultDiffuse.ubulk" 473
"../../../Engine/Content/EngineMaterials/DefaultDiffuse.uasset" 474
"../../../Engine/Content/EngineMaterials/DefaultDiffuse.uexp" 475
"../../../Engine/Content/EngineMaterials/DefaultPostProcessMaterial.uasset" 476
"../../../Engine/Content/EngineMaterials/DefaultPostProcessMaterial.uexp" 477
"../../../Engine/Content/EngineMaterials/DefaultPhysicalMaterial.uasset" 478
"../../../Engine/Content/EngineMaterials/DefaultPhysicalMaterial.uexp" 479
"../../../Engine/Content/EngineMaterials/DefaultLightFunctionMaterial.uasset" 480
"../../../Engine/Content/EngineMaterials/DefaultLightFunctionMaterial.uexp" 481
"../../../Engine/Content/EngineMaterials/DefaultDestructiblePhysicalMaterial.uasset" 482
"../../../Engine/Content/EngineMaterials/DefaultDestructiblePhysicalMaterial.uexp" 483
"../../../Engine/Content/EngineMaterials/DefaultDeferredDecalMaterial.uasset" 484
"../../../Engine/Content/EngineMaterials/DefaultDeferredDecalMaterial.uexp" 485
"../../../Engine/Content/EngineMaterials/DefaultBokeh.uasset" 486
"../../../Engine/Content/EngineMaterials/DefaultBokeh.uexp" 487
"../../../Engine/Content/EngineMaterials/DefaultBloomKernel.uasset" 488
"../../../Engine/Content/EngineMaterials/DefaultBloomKernel.uexp" 489
"../../../Engine/Content/EngineFonts/Faces/RobotoLight.uexp" 490
"../../../Engine/Content/EngineFonts/Faces/RobotoLight.uasset" 491
"../../../Engine/Content/EngineFonts/Faces/RobotoLight.ufont" 492
"../../../Engine/Content/EngineFonts/Faces/RobotoBold.uexp" 493
"../../../Engine/Content/EngineFonts/Faces/RobotoBold.uasset" 494
"../../../Engine/Content/EngineFonts/Faces/RobotoBold.ufont" 495
"../../../Engine/Content/EngineFonts/Faces/RobotoRegular.uexp" 496
"../../../Engine/Content/EngineFonts/Faces/RobotoRegular.uasset" 497
"../../../Engine/Content/EngineFonts/Faces/RobotoRegular.ufont" 498
"../../../Engine/Content/EngineFonts/Faces/DroidSansFallback.uexp" 499
"../../../Engine/Content/EngineFonts/Faces/DroidSansFallback.uasset" 500
"../../../Engine/Content/EngineFonts/Faces/DroidSansFallback.ufont" 501
"../../../Engine/Content/EngineFonts/Faces/RobotoItalic.uexp" 502
"../../../Engine/Content/EngineFonts/Faces/RobotoItalic.uasset" 503
"../../../Engine/Content/EngineFonts/Faces/RobotoItalic.ufont" 504
"../../../Engine/Content/EngineFonts/Faces/RobotoBoldItalic.uexp" 505
"../../../Engine/Content/EngineFonts/Faces/RobotoBoldItalic.uasset" 506
"../../../Engine/Content/EngineFonts/Faces/RobotoBoldItalic.ufont" 507
"../../../Engine/Content/EngineFonts/Roboto.uasset" 508
"../../../Engine/Content/EngineFonts/Roboto.uexp" 509
"../../../Engine/Content/Functions/Engine_MaterialFunctions02/Utility/CameraDirectionVector.uasset" 510
"../../../Engine/Content/Functions/Engine_MaterialFunctions02/Utility/CameraDirectionVector.uexp" 511
"../../../Engine/Content/EngineDebugMaterials/VolumeToRender.uasset" 512
"../../../Engine/Content/EngineDebugMaterials/VolumeToRender.uexp" 513
"../../../Engine/Content/EngineDebugMaterials/M_VolumeRenderSphereTracePP.uasset" 514
"../../../Engine/Content/EngineDebugMaterials/M_VolumeRenderSphereTracePP.uexp" 515
"../../../Engine/Content/EngineDebugMaterials/M_SimpleUnlitTranslucent.uasset" 516
"../../../Engine/Content/EngineDebugMaterials/M_SimpleUnlitTranslucent.uexp" 517
"../../../Engine/Content/EngineDebugMaterials/DebugMeshMaterial.uasset" 518
"../../../Engine/Content/EngineDebugMaterials/DebugMeshMaterial.uexp" 519
"../../../Engine/Content/EngineDebugMaterials/DebugEditorMaterial.uasset" 520
"../../../Engine/Content/EngineDebugMaterials/DebugEditorMaterial.uexp" 521
"../../../Engine/Content/EngineDamageTypes/DmgTypeBP_Environmental.uasset" 522
"../../../Engine/Content/EngineDamageTypes/DmgTypeBP_Environmental.uexp" 523
"../../../Engine/Content/EditorResources/S_Terrain.ubulk" 524
"../../../Engine/Content/EditorResources/S_Terrain.uasset" 525
"../../../Engine/Content/EditorResources/S_Terrain.uexp" 526
"../../../Engine/Content/EditorResources/S_Solver.ubulk" 527
"../../../Engine/Content/EditorResources/S_Solver.uasset" 528
"../../../Engine/Content/EditorResources/S_Solver.uexp" 529
"../../../Engine/Content/EditorResources/EmptyActor.uasset" 530
"../../../Engine/Content/EditorResources/EmptyActor.uexp" 531
"../../../Engine/Content/EditorResources/BSPVertex.uasset" 532
"../../../Engine/Content/EditorResources/BSPVertex.uexp" 533
"../../../Engine/Content/EditorMaterials/PreviewShadowIndicator.ubulk" 534
"../../../Engine/Content/EditorMaterials/PreviewShadowIndicator.uasset" 535
"../../../Engine/Content/EditorMaterials/PreviewShadowIndicator.uexp" 536
"../../../Engine/Content/EditorMaterials/PreviewShadowIndicatorMaterial.uasset" 537
"../../../Engine/Content/EditorMaterials/PreviewShadowIndicatorMaterial.uexp" 538
"../../../Engine/Content/EditorMaterials/PhAT_UnselectedMaterial.uasset" 539
"../../../Engine/Content/EditorMaterials/PhAT_UnselectedMaterial.uexp" 540
"../../../Engine/Content/EditorMaterials/PhAT_NoCollisionMaterial.uasset" 541
"../../../Engine/Content/EditorMaterials/PhAT_NoCollisionMaterial.uexp" 542
"../../../Engine/Content/EditorLandscapeResources/SplineEditorMeshMat.uasset" 543
"../../../Engine/Content/EditorLandscapeResources/SplineEditorMeshMat.uexp" 544
"../../../Engine/Content/EditorLandscapeResources/SplineEditorMesh.ubulk" 545
"../../../Engine/Content/EditorLandscapeResources/SplineEditorMesh.uasset" 546
"../../../Engine/Content/EditorLandscapeResources/SplineEditorMesh.uexp" 547
"../../../Engine/Content/EditorLandscapeResources/DefaultAlphaTexture.uasset" 548
"../../../Engine/Content/EditorLandscapeResources/DefaultAlphaTexture.uexp" 549
"../../../Engine/Content/EngineMaterials/DefaultMaterial.uasset" 550
"../../../Engine/Content/EngineMaterials/DefaultMaterial.uexp" 551
"../../../Engine/Content/BasicShapes/Sphere.ubulk" 552
"../../../Engine/Content/BasicShapes/Sphere.uasset" 553
"../../../Engine/Content/BasicShapes/Sphere.uexp" 554
"../../../Engine/Content/BasicShapes/Plane.ubulk" 555
"../../../Engine/Content/BasicShapes/Plane.uasset" 556
"../../../Engine/Content/BasicShapes/Plane.uexp" 557
"../../../Engine/Content/BasicShapes/Cylinder.ubulk" 558
"../../../Engine/Content/BasicShapes/Cylinder.uasset" 559
"../../../Engine/Content/BasicShapes/Cylinder.uexp" 560
"../../../Engine/Content/BasicShapes/Cube.ubulk" 561
"../../../Engine/Content/BasicShapes/Cube.uasset" 562
"../../../Engine/Content/BasicShapes/Cube.uexp" 563
"../../../Engine/Content/BasicShapes/Cone.ubulk" 564
"../../../Engine/Content/BasicShapes/Cone.uasset" 565
"../../../Engine/Content/BasicShapes/Cone.uexp" 566
"../../../Engine/Content/BasicShapes/BasicShapeMaterial.uasset" 567
"../../../Engine/Content/BasicShapes/BasicShapeMaterial.uexp" 568
"../../../Engine/Content/Animation/DefaultVariableFrameStrippingSettings.uasset" 569
"../../../Engine/Content/Animation/DefaultVariableFrameStrippingSettings.uexp" 570
"../../../Engine/Content/Animation/DefaultRecorderBoneCompression.uasset" 571
"../../../Engine/Content/Animation/DefaultRecorderBoneCompression.uexp" 572
"../../../Engine/Content/VREditor/TransformGizmo/Main.uasset" 573
"../../../Engine/Content/VREditor/TransformGizmo/Main.uexp" 574
"../../../Engine/Content/VREditor/TransformGizmo/Xray.uasset" 575
"../../../Engine/Content/VREditor/TransformGizmo/Xray.uexp" 576
"../../../Engine/Content/VREditor/TransformGizmo/SM_Sequencer_Node.ubulk" 577
"../../../Engine/Content/VREditor/TransformGizmo/SM_Sequencer_Node.uasset" 578
"../../../Engine/Content/VREditor/TransformGizmo/SM_Sequencer_Node.uexp" 579
"../../../Engine/Content/VREditor/LaserPointer/VR_LaserPower_01.ubulk" 580
"../../../Engine/Content/VREditor/LaserPointer/VR_LaserPower_01.uasset" 581
"../../../Engine/Content/VREditor/LaserPointer/VR_LaserPower_01.uexp" 582
"../../../Engine/Content/VREditor/TransformGizmo/TransformGizmoMaterial.uasset" 583
"../../../Engine/Content/VREditor/TransformGizmo/TransformGizmoMaterial.uexp" 584
"../../../Engine/Content/VREditor/TransformGizmo/TranslucentTransformGizmoMaterial.uasset" 585
"../../../Engine/Content/VREditor/TransformGizmo/TranslucentTransformGizmoMaterial.uexp" 586
"../../../Engine/Content/VREditor/TransformGizmo/BoundingBoxEdge.ubulk" 587
"../../../Engine/Content/VREditor/TransformGizmo/BoundingBoxEdge.uasset" 588
"../../../Engine/Content/VREditor/TransformGizmo/BoundingBoxEdge.uexp" 589
"../../../Engine/Content/VREditor/TransformGizmo/BoundingBoxCorner.ubulk" 590
"../../../Engine/Content/VREditor/TransformGizmo/BoundingBoxCorner.uasset" 591
"../../../Engine/Content/VREditor/TransformGizmo/BoundingBoxCorner.uexp" 592
"../../../Engine/Content/MobileResources/HUD/VirtualJoystick_Background.uasset" 593
"../../../Engine/Content/MobileResources/HUD/VirtualJoystick_Background.uexp" 594
"../../../Engine/Content/MobileResources/HUD/VirtualJoystick_Thumb.uasset" 595
"../../../Engine/Content/MobileResources/HUD/VirtualJoystick_Thumb.uexp" 596
"../../../Engine/Content/MobileResources/HUD/DefaultVirtualJoysticks.uasset" 597
"../../../Engine/Content/MobileResources/HUD/DefaultVirtualJoysticks.uexp" 598
"../../../Engine/Content/EngineSky/VolumetricClouds/T_CloudMask.ubulk" 599
"../../../Engine/Content/EngineSky/VolumetricClouds/T_CloudMask.uasset" 600
"../../../Engine/Content/EngineSky/VolumetricClouds/T_CloudMask.uexp" 601
"../../../Engine/Content/EngineSky/VolumetricClouds/VT_Lightning.uasset" 602
"../../../Engine/Content/EngineSky/VolumetricClouds/VT_Lightning.uexp" 603
"../../../Engine/Content/EngineSky/VolumetricClouds/T_Profile_08.ubulk" 604
"../../../Engine/Content/EngineSky/VolumetricClouds/T_Profile_08.uasset" 605
"../../../Engine/Content/EngineSky/VolumetricClouds/T_Profile_08.uexp" 606
"../../../Engine/Content/Functions/Engine_MaterialFunctions02/Utility/MakeFloat4.uasset" 607
"../../../Engine/Content/Functions/Engine_MaterialFunctions02/Utility/MakeFloat4.uexp" 608
"../../../Engine/Content/Functions/Engine_MaterialFunctions01/Units/Km-to-Cm.uasset" 609
"../../../Engine/Content/Functions/Engine_MaterialFunctions01/Units/Km-to-Cm.uexp" 610
"../../../Engine/Content/Functions/Engine_MaterialFunctions02/Utility/BreakOutFloat4Components.uasset" 611
"../../../Engine/Content/Functions/Engine_MaterialFunctions02/Utility/BreakOutFloat4Components.uexp" 612
"../../../Engine/Content/EngineSky/VolumetricClouds/T_CloudPattern.ubulk" 613
"../../../Engine/Content/EngineSky/VolumetricClouds/T_CloudPattern.uasset" 614
"../../../Engine/Content/EngineSky/VolumetricClouds/T_CloudPattern.uexp" 615
"../../../Engine/Content/EngineSky/VolumetricClouds/VT_PerlinWorley_Balanced.uasset" 616
"../../../Engine/Content/EngineSky/VolumetricClouds/VT_PerlinWorley_Balanced.uexp" 617
"../../../Engine/Content/EngineSky/VolumetricClouds/m_SimpleVolumetricCloud.uasset" 618
"../../../Engine/Content/EngineSky/VolumetricClouds/m_SimpleVolumetricCloud.uexp" 619
"../../../Engine/Content/EngineSky/VolumetricClouds/m_SimpleVolumetricCloud_Inst.uasset" 620
"../../../Engine/Content/EngineSky/VolumetricClouds/m_SimpleVolumetricCloud_Inst.uexp" 621
"../../../Engine/Content/EngineResources/FilmGrains/Marcie_Grain_v3_128_M2_000.uasset" 622
"../../../Engine/Content/EngineResources/FilmGrains/Marcie_Grain_v3_128_M2_000.uexp" 623
"../../../Engine/Content/EngineMaterials/LTC/Sheen_LTC.uasset" 624
"../../../Engine/Content/EngineMaterials/LTC/Sheen_LTC.uexp" 625
"../../../Engine/Content/EngineMaterials/LTC/GGX_LTCMat.uasset" 626
"../../../Engine/Content/EngineMaterials/LTC/GGX_LTCMat.uexp" 627
"../../../Engine/Content/EngineMaterials/LTC/GGX_LTCAmp.uasset" 628
"../../../Engine/Content/EngineMaterials/LTC/GGX_LTCAmp.uexp" 629
"../../../Engine/Content/EngineMaterials/EnergyConservation/Sheen_Energy.uasset" 630
"../../../Engine/Content/EngineMaterials/EnergyConservation/Sheen_Energy.uexp" 631
"../../../Engine/Content/EngineMaterials/EnergyConservation/SheenLegacy_Energy.uasset" 632
"../../../Engine/Content/EngineMaterials/EnergyConservation/SheenLegacy_Energy.uexp" 633
"../../../Engine/Content/EngineMaterials/EnergyConservation/GGX_TransmissionEnergyArray.uasset" 634
"../../../Engine/Content/EngineMaterials/EnergyConservation/GGX_TransmissionEnergyArray.uexp" 635
"../../../Engine/Content/EngineMaterials/EnergyConservation/GGX_ReflectionEnergy.uasset" 636
"../../../Engine/Content/EngineMaterials/EnergyConservation/GGX_ReflectionEnergy.uexp" 637
"../../../Engine/Content/EngineMaterials/EnergyConservation/Diffuse_Energy.uasset" 638
"../../../Engine/Content/EngineMaterials/EnergyConservation/Diffuse_Energy.uexp" 639
"../../../Engine/Content/EditorResources/SequenceRecorder/RecordingIndicator.uasset" 640
"../../../Engine/Content/EditorResources/SequenceRecorder/RecordingIndicator.uexp" 641
"../../../Engine/Content/EditorResources/SequenceRecorder/Countdown.uasset" 642
"../../../Engine/Content/EditorResources/SequenceRecorder/Countdown.uexp" 643
"../../../Engine/Content/EditorMaterials/Camera/CineMat.uasset" 644
"../../../Engine/Content/EditorMaterials/Camera/CineMat.uexp" 645
"../../../Engine/Content/EditorMaterials/Camera/MI_CineMat_Rig.uasset" 646
"../../../Engine/Content/EditorMaterials/Camera/MI_CineMat_Rig.uexp" 647
"../../../Engine/Content/EditorMeshes/Camera/SM_RailRig_Track.ubulk" 648
"../../../Engine/Content/EditorMeshes/Camera/SM_RailRig_Track.uasset" 649
"../../../Engine/Content/EditorMeshes/Camera/SM_RailRig_Track.uexp" 650
"../../../Engine/Content/EditorMeshes/Camera/SM_RailRig_Mount.ubulk" 651
"../../../Engine/Content/EditorMeshes/Camera/SM_RailRig_Mount.uasset" 652
"../../../Engine/Content/EditorMeshes/Camera/SM_RailRig_Mount.uexp" 653
"../../../Engine/Content/EditorMeshes/Camera/SM_CraneRig_Mount.ubulk" 654
"../../../Engine/Content/EditorMeshes/Camera/SM_CraneRig_Mount.uasset" 655
"../../../Engine/Content/EditorMeshes/Camera/SM_CraneRig_Mount.uexp" 656
"../../../Engine/Content/EditorMeshes/Camera/SM_CraneRig_Body.ubulk" 657
"../../../Engine/Content/EditorMeshes/Camera/SM_CraneRig_Body.uasset" 658
"../../../Engine/Content/EditorMeshes/Camera/SM_CraneRig_Body.uexp" 659
"../../../Engine/Content/EditorMeshes/Camera/SM_CraneRig_Base.ubulk" 660
"../../../Engine/Content/EditorMeshes/Camera/SM_CraneRig_Base.uasset" 661
"../../../Engine/Content/EditorMeshes/Camera/SM_CraneRig_Base.uexp" 662
"../../../Engine/Content/EditorMeshes/Camera/SM_CraneRig_Arm.ubulk" 663
"../../../Engine/Content/EditorMeshes/Camera/SM_CraneRig_Arm.uasset" 664
"../../../Engine/Content/EditorMeshes/Camera/SM_CraneRig_Arm.uexp" 665
"../../../Engine/Content/EditorMaterials/ParticleSystems/PSysThumbnail_OOD.ubulk" 666
"../../../Engine/Content/EditorMaterials/ParticleSystems/PSysThumbnail_OOD.uasset" 667
"../../../Engine/Content/EditorMaterials/ParticleSystems/PSysThumbnail_OOD.uexp" 668
"../../../Engine/Content/EditorMaterials/ParticleSystems/PSysThumbnail_NoImage.ubulk" 669
"../../../Engine/Content/EditorMaterials/ParticleSystems/PSysThumbnail_NoImage.uasset" 670
"../../../Engine/Content/EditorMaterials/ParticleSystems/PSysThumbnail_NoImage.uexp" 671
"../../../Engine/Content/EditorMaterials/Dataflow/DataflowVertexMaterial.uasset" 672
"../../../Engine/Content/EditorMaterials/Dataflow/DataflowVertexMaterial.uexp" 673
"../../../Engine/Content/EditorMaterials/Dataflow/DataflowTwoSidedVertexMaterial.uasset" 674
"../../../Engine/Content/EditorMaterials/Dataflow/DataflowTwoSidedVertexMaterial.uexp" 675
"../../../Engine/Content/Functions/Engine_MaterialFunctions01/Shading/PowerToRoughness.uasset" 676
"../../../Engine/Content/Functions/Engine_MaterialFunctions01/Shading/PowerToRoughness.uexp" 677
"../../../Engine/Content/Functions/Engine_MaterialFunctions01/Shading/ConvertFromDiffSpec.uasset" 678
"../../../Engine/Content/Functions/Engine_MaterialFunctions01/Shading/ConvertFromDiffSpec.uexp" 679
"../../../Engine/Content/EngineMaterials/Substrate/Volume/SubstrateSimpleVolumeLUT3D.uasset" 680
"../../../Engine/Content/EngineMaterials/Substrate/Volume/SubstrateSimpleVolumeLUT3D.uexp" 681
"../../../Engine/Content/EngineMaterials/Substrate/Volume/SubstrateSimpleVolumeEnvLUT3D.uasset" 682
"../../../Engine/Content/EngineMaterials/Substrate/Volume/SubstrateSimpleVolumeEnvLUT3D.uexp" 683
"../../../Engine/Content/EngineMaterials/Substrate/GLints2/AGlintTex2dArray2.uasset" 684
"../../../Engine/Content/EngineMaterials/Substrate/GLints2/AGlintTex2dArray2.uexp" 685
"../../../Engine/Content/EngineMaterials/Substrate/GLints/AGlintTex2dArray.uasset" 686
"../../../Engine/Content/EngineMaterials/Substrate/GLints/AGlintTex2dArray.uexp" 687
"../../../Engine/Content/ArtTools/RenderToTexture/Meshes/S_1_Unit_Plane.ubulk" 688
"../../../Engine/Content/ArtTools/RenderToTexture/Meshes/S_1_Unit_Plane.uasset" 689
"../../../Engine/Content/ArtTools/RenderToTexture/Meshes/S_1_Unit_Plane.uexp" 690
"../../../Engine/Plugins/Interchange/Assets/Content/gltf/Textures/T_White_srgb.uasset" 691
"../../../Engine/Plugins/Interchange/Assets/Content/gltf/Textures/T_White_srgb.uexp" 692
"../../../Engine/Plugins/Interchange/Assets/Content/gltf/MaterialFunctions/MF_BaseColor.uasset" 693
"../../../Engine/Plugins/Interchange/Assets/Content/gltf/MaterialFunctions/MF_BaseColor.uexp" 694
"../../../Engine/Plugins/Interchange/Assets/Content/gltf/MaterialFunctions/MF_RotateV2.uasset" 695
"../../../Engine/Plugins/Interchange/Assets/Content/gltf/MaterialFunctions/MF_RotateV2.uexp" 696
"../../../Engine/Plugins/Interchange/Assets/Content/gltf/MaterialFunctions/MF_TransformUVs.uasset" 697
"../../../Engine/Plugins/Interchange/Assets/Content/gltf/MaterialFunctions/MF_TransformUVs.uexp" 698
"../../../Engine/Plugins/Interchange/Assets/Content/gltf/MaterialBodies/MF_Unlit_Body.uasset" 699
"../../../Engine/Plugins/Interchange/Assets/Content/gltf/MaterialBodies/MF_Unlit_Body.uexp" 700
"../../../Engine/Plugins/Interchange/Assets/Content/gltf/M_Unlit.uasset" 701
"../../../Engine/Plugins/Interchange/Assets/Content/gltf/M_Unlit.uexp" 702
"../../../Engine/Plugins/Interchange/Assets/Content/gltf/MaterialInstances/MI_Unlit_Opaque_DS.uasset" 703
"../../../Engine/Plugins/Interchange/Assets/Content/gltf/MaterialInstances/MI_Unlit_Opaque_DS.uexp" 704
"../../../Engine/Plugins/Interchange/Assets/Content/gltf/MaterialInstances/MI_Unlit_Opaque.uasset" 705
"../../../Engine/Plugins/Interchange/Assets/Content/gltf/MaterialInstances/MI_Unlit_Opaque.uexp" 706
"../../../Engine/Plugins/Interchange/Assets/Content/gltf/MaterialInstances/MI_Unlit_Mask_DS.uasset" 707
"../../../Engine/Plugins/Interchange/Assets/Content/gltf/MaterialInstances/MI_Unlit_Mask_DS.uexp" 708
"../../../Engine/Plugins/Interchange/Assets/Content/gltf/MaterialInstances/MI_Unlit_Mask.uasset" 709
"../../../Engine/Plugins/Interchange/Assets/Content/gltf/MaterialInstances/MI_Unlit_Mask.uexp" 710
"../../../Engine/Plugins/Interchange/Assets/Content/gltf/MaterialInstances/MI_Unlit_Blend_DS.uasset" 711
"../../../Engine/Plugins/Interchange/Assets/Content/gltf/MaterialInstances/MI_Unlit_Blend_DS.uexp" 712
"../../../Engine/Plugins/Interchange/Assets/Content/gltf/MaterialInstances/MI_Unlit_Blend.uasset" 713
"../../../Engine/Plugins/Interchange/Assets/Content/gltf/MaterialInstances/MI_Unlit_Blend.uexp" 714
"../../../Engine/Content/Functions/Engine_MaterialFunctions02/Math/Transform3x3Matrix.uasset" 715
"../../../Engine/Content/Functions/Engine_MaterialFunctions02/Math/Transform3x3Matrix.uexp" 716
"../../../Engine/Content/EngineMaterials/Good64x64TilingNoiseHighFreq.uasset" 717
"../../../Engine/Content/EngineMaterials/Good64x64TilingNoiseHighFreq.uexp" 718
"../../../Engine/Content/Functions/Engine_MaterialFunctions02/Texturing/ScreenAlignedPixelToPixelUVs.uasset" 719
"../../../Engine/Content/Functions/Engine_MaterialFunctions02/Texturing/ScreenAlignedPixelToPixelUVs.uexp" 720
"../../../Engine/Plugins/Interchange/Assets/Content/gltf/MaterialFunctions/MF_Temporal_Blur.uasset" 721
"../../../Engine/Plugins/Interchange/Assets/Content/gltf/MaterialFunctions/MF_Temporal_Blur.uexp" 722
"../../../Engine/Plugins/Interchange/Assets/Content/gltf/MaterialFunctions/MF_Specular.uasset" 723
"../../../Engine/Plugins/Interchange/Assets/Content/gltf/MaterialFunctions/MF_Specular.uexp" 724
"../../../Engine/Plugins/Interchange/Assets/Content/gltf/Textures/T_Anisotropy_Direction_Linear.uasset" 725
"../../../Engine/Plugins/Interchange/Assets/Content/gltf/Textures/T_Anisotropy_Direction_Linear.uexp" 726
"../../../Engine/Plugins/Interchange/Assets/Content/gltf/MaterialFunctions/MF_SpecularAnisotropy.uasset" 727
"../../../Engine/Plugins/Interchange/Assets/Content/gltf/MaterialFunctions/MF_SpecularAnisotropy.uexp" 728
"../../../Engine/Plugins/Interchange/Assets/Content/gltf/Textures/T_White_Linear.uasset" 729
"../../../Engine/Plugins/Interchange/Assets/Content/gltf/Textures/T_White_Linear.uexp" 730
"../../../Engine/Plugins/Interchange/Assets/Content/gltf/MaterialFunctions/MF_MetallicRoughness.uasset" 731
"../../../Engine/Plugins/Interchange/Assets/Content/gltf/MaterialFunctions/MF_MetallicRoughness.uexp" 732
"../../../Engine/Plugins/Interchange/Assets/Content/gltf/Textures/T_Generic_N.uasset" 733
"../../../Engine/Plugins/Interchange/Assets/Content/gltf/Textures/T_Generic_N.uexp" 734
"../../../Engine/Plugins/Interchange/Assets/Content/gltf/MaterialFunctions/MF_ScaleNormal.uasset" 735
"../../../Engine/Plugins/Interchange/Assets/Content/gltf/MaterialFunctions/MF_ScaleNormal.uexp" 736
"../../../Engine/Plugins/Interchange/Assets/Content/gltf/MaterialFunctions/MF_Fresnel_DS.uasset" 737
"../../../Engine/Plugins/Interchange/Assets/Content/gltf/MaterialFunctions/MF_Fresnel_DS.uexp" 738
"../../../Engine/Plugins/Interchange/Assets/Content/gltf/MaterialFunctions/MF_Iridescence.uasset" 739
"../../../Engine/Plugins/Interchange/Assets/Content/gltf/MaterialFunctions/MF_Iridescence.uexp" 740
"../../../Engine/Plugins/Interchange/Assets/Content/gltf/MaterialFunctions/MF_Occlusion.uasset" 741
"../../../Engine/Plugins/Interchange/Assets/Content/gltf/MaterialFunctions/MF_Occlusion.uexp" 742
"../../../Engine/Plugins/Interchange/Assets/Content/gltf/MaterialFunctions/MF_IOR.uasset" 743
"../../../Engine/Plugins/Interchange/Assets/Content/gltf/MaterialFunctions/MF_IOR.uexp" 744
"../../../Engine/Plugins/Interchange/Assets/Content/gltf/MaterialFunctions/MF_Transmission.uasset" 745
"../../../Engine/Plugins/Interchange/Assets/Content/gltf/MaterialFunctions/MF_Transmission.uexp" 746
"../../../Engine/Plugins/Interchange/Assets/Content/gltf/MaterialFunctions/MF_RotateNormals_TS.uasset" 747
"../../../Engine/Plugins/Interchange/Assets/Content/gltf/MaterialFunctions/MF_RotateNormals_TS.uexp" 748
"../../../Engine/Plugins/Interchange/Assets/Content/gltf/MaterialFunctions/MF_Normals.uasset" 749
"../../../Engine/Plugins/Interchange/Assets/Content/gltf/MaterialFunctions/MF_Normals.uexp" 750
"../../../Engine/Plugins/Interchange/Assets/Content/gltf/MaterialBodies/MF_Transmission_Body.uasset" 751
"../../../Engine/Plugins/Interchange/Assets/Content/gltf/MaterialBodies/MF_Transmission_Body.uexp" 752
"../../../Engine/Plugins/Interchange/Assets/Content/gltf/M_Transmission.uasset" 753
"../../../Engine/Plugins/Interchange/Assets/Content/gltf/M_Transmission.uexp" 754
"../../../Engine/Plugins/Interchange/Assets/Content/gltf/MaterialInstances/MI_Transmission_DS.uasset" 755
"../../../Engine/Plugins/Interchange/Assets/Content/gltf/MaterialInstances/MI_Transmission_DS.uexp" 756
"../../../Engine/Plugins/Interchange/Assets/Content/gltf/MaterialInstances/MI_Transmission.uasset" 757
"../../../Engine/Plugins/Interchange/Assets/Content/gltf/MaterialInstances/MI_Transmission.uexp" 758
"../../../Engine/Content/Functions/Engine_MaterialFunctions02/Math/AddComponents.uasset" 759
"../../../Engine/Content/Functions/Engine_MaterialFunctions02/Math/AddComponents.uexp" 760
"../../../Engine/Plugins/Interchange/Assets/Content/gltf/MaterialFunctions/MF_DiffuseSpecGloss.uasset" 761
"../../../Engine/Plugins/Interchange/Assets/Content/gltf/MaterialFunctions/MF_DiffuseSpecGloss.uexp" 762
"../../../Engine/Plugins/Interchange/Assets/Content/gltf/MaterialFunctions/MF_Emissive.uasset" 763
"../../../Engine/Plugins/Interchange/Assets/Content/gltf/MaterialFunctions/MF_Emissive.uexp" 764
"../../../Engine/Plugins/Interchange/Assets/Content/gltf/MaterialFunctions/MF_PerceivedBrightness.uasset" 765
"../../../Engine/Plugins/Interchange/Assets/Content/gltf/MaterialFunctions/MF_PerceivedBrightness.uexp" 766
"../../../Engine/Plugins/Interchange/Assets/Content/gltf/MaterialFunctions/MF_SpecGlossToMetalRoughness.uasset" 767
"../../../Engine/Plugins/Interchange/Assets/Content/gltf/MaterialFunctions/MF_SpecGlossToMetalRoughness.uexp" 768
"../../../Engine/Plugins/Interchange/Assets/Content/gltf/MaterialFunctions/MF_MaxComponentValue.uasset" 769
"../../../Engine/Plugins/Interchange/Assets/Content/gltf/MaterialFunctions/MF_MaxComponentValue.uexp" 770
"../../../Engine/Plugins/Interchange/Assets/Content/gltf/MaterialBodies/MF_SpecularGlossiness_Body.uasset" 771
"../../../Engine/Plugins/Interchange/Assets/Content/gltf/MaterialBodies/MF_SpecularGlossiness_Body.uexp" 772
"../../../Engine/Plugins/Interchange/Assets/Content/gltf/M_SpecularGlossiness.uasset" 773
"../../../Engine/Plugins/Interchange/Assets/Content/gltf/M_SpecularGlossiness.uexp" 774
"../../../Engine/Plugins/Interchange/Assets/Content/gltf/MaterialInstances/MI_SpecularGlossiness_Opaque_DS.uasset" 775
"../../../Engine/Plugins/Interchange/Assets/Content/gltf/MaterialInstances/MI_SpecularGlossiness_Opaque_DS.uexp" 776
"../../../Engine/Plugins/Interchange/Assets/Content/gltf/MaterialInstances/MI_SpecularGlossiness_Opaque.uasset" 777
"../../../Engine/Plugins/Interchange/Assets/Content/gltf/MaterialInstances/MI_SpecularGlossiness_Opaque.uexp" 778
"../../../Engine/Plugins/Interchange/Assets/Content/gltf/MaterialInstances/MI_SpecularGlossiness_Mask_DS.uasset" 779
"../../../Engine/Plugins/Interchange/Assets/Content/gltf/MaterialInstances/MI_SpecularGlossiness_Mask_DS.uexp" 780
"../../../Engine/Plugins/Interchange/Assets/Content/gltf/MaterialInstances/MI_SpecularGlossiness_Mask.uasset" 781
"../../../Engine/Plugins/Interchange/Assets/Content/gltf/MaterialInstances/MI_SpecularGlossiness_Mask.uexp" 782
"../../../Engine/Plugins/Interchange/Assets/Content/gltf/MaterialInstances/MI_SpecularGlossiness_Blend_DS.uasset" 783
"../../../Engine/Plugins/Interchange/Assets/Content/gltf/MaterialInstances/MI_SpecularGlossiness_Blend_DS.uexp" 784
"../../../Engine/Plugins/Interchange/Assets/Content/gltf/MaterialInstances/MI_SpecularGlossiness_Blend.uasset" 785
"../../../Engine/Plugins/Interchange/Assets/Content/gltf/MaterialInstances/MI_SpecularGlossiness_Blend.uexp" 786
"../../../Engine/Plugins/Interchange/Assets/Content/gltf/MaterialFunctions/MF_Sheen.uasset" 787
"../../../Engine/Plugins/Interchange/Assets/Content/gltf/MaterialFunctions/MF_Sheen.uexp" 788
"../../../Engine/Plugins/Interchange/Assets/Content/gltf/MaterialBodies/MF_Sheen_Body.uasset" 789
"../../../Engine/Plugins/Interchange/Assets/Content/gltf/MaterialBodies/MF_Sheen_Body.uexp" 790
"../../../Engine/Plugins/Interchange/Assets/Content/gltf/M_Sheen.uasset" 791
"../../../Engine/Plugins/Interchange/Assets/Content/gltf/M_Sheen.uexp" 792
"../../../Engine/Plugins/Interchange/Assets/Content/gltf/MaterialInstances/MI_Sheen_Opaque_DS.uasset" 793
"../../../Engine/Plugins/Interchange/Assets/Content/gltf/MaterialInstances/MI_Sheen_Opaque_DS.uexp" 794
"../../../Engine/Plugins/Interchange/Assets/Content/gltf/MaterialInstances/MI_Sheen_Opaque.uasset" 795
"../../../Engine/Plugins/Interchange/Assets/Content/gltf/MaterialInstances/MI_Sheen_Opaque.uexp" 796
"../../../Engine/Plugins/Interchange/Assets/Content/gltf/MaterialInstances/MI_Sheen_Mask_DS.uasset" 797
"../../../Engine/Plugins/Interchange/Assets/Content/gltf/MaterialInstances/MI_Sheen_Mask_DS.uexp" 798
"../../../Engine/Plugins/Interchange/Assets/Content/gltf/MaterialInstances/MI_Sheen_Mask.uasset" 799
"../../../Engine/Plugins/Interchange/Assets/Content/gltf/MaterialInstances/MI_Sheen_Mask.uexp" 800
"../../../Engine/Plugins/Interchange/Assets/Content/gltf/MaterialInstances/MI_Sheen_Blend_DS.uasset" 801
"../../../Engine/Plugins/Interchange/Assets/Content/gltf/MaterialInstances/MI_Sheen_Blend_DS.uexp" 802
"../../../Engine/Plugins/Interchange/Assets/Content/gltf/MaterialInstances/MI_Sheen_Blend.uasset" 803
"../../../Engine/Plugins/Interchange/Assets/Content/gltf/MaterialInstances/MI_Sheen_Blend.uexp" 804
"../../../Engine/Plugins/Interchange/Assets/Content/gltf/MaterialBodies/MF_Default_Body.uasset" 805
"../../../Engine/Plugins/Interchange/Assets/Content/gltf/MaterialBodies/MF_Default_Body.uexp" 806
"../../../Engine/Plugins/Interchange/Assets/Content/gltf/M_Default.uasset" 807
"../../../Engine/Plugins/Interchange/Assets/Content/gltf/M_Default.uexp" 808
"../../../Engine/Plugins/Interchange/Assets/Content/gltf/MaterialInstances/MI_Default_Opaque_DS.uasset" 809
"../../../Engine/Plugins/Interchange/Assets/Content/gltf/MaterialInstances/MI_Default_Opaque_DS.uexp" 810
"../../../Engine/Plugins/Interchange/Assets/Content/gltf/MaterialInstances/MI_Default_Opaque.uasset" 811
"../../../Engine/Plugins/Interchange/Assets/Content/gltf/MaterialInstances/MI_Default_Opaque.uexp" 812
"../../../Engine/Plugins/Interchange/Assets/Content/gltf/MaterialInstances/MI_Default_Mask_DS.uasset" 813
"../../../Engine/Plugins/Interchange/Assets/Content/gltf/MaterialInstances/MI_Default_Mask_DS.uexp" 814
"../../../Engine/Plugins/Interchange/Assets/Content/gltf/MaterialInstances/MI_Default_Mask.uasset" 815
"../../../Engine/Plugins/Interchange/Assets/Content/gltf/MaterialInstances/MI_Default_Mask.uexp" 816
"../../../Engine/Plugins/Interchange/Assets/Content/gltf/MaterialInstances/MI_Default_Blend_DS.uasset" 817
"../../../Engine/Plugins/Interchange/Assets/Content/gltf/MaterialInstances/MI_Default_Blend_DS.uexp" 818
"../../../Engine/Plugins/Interchange/Assets/Content/gltf/MaterialInstances/MI_Default_Blend.uasset" 819
"../../../Engine/Plugins/Interchange/Assets/Content/gltf/MaterialInstances/MI_Default_Blend.uexp" 820
"../../../Engine/Content/Functions/Engine_MaterialFunctions01/Texturing/FlattenNormal.uasset" 821
"../../../Engine/Content/Functions/Engine_MaterialFunctions01/Texturing/FlattenNormal.uexp" 822
"../../../Engine/Plugins/Interchange/Assets/Content/gltf/MaterialFunctions/MF_Clearcoat.uasset" 823
"../../../Engine/Plugins/Interchange/Assets/Content/gltf/MaterialFunctions/MF_Clearcoat.uexp" 824
"../../../Engine/Plugins/Interchange/Assets/Content/gltf/MaterialBodies/MF_ClearCoat_Body.uasset" 825
"../../../Engine/Plugins/Interchange/Assets/Content/gltf/MaterialBodies/MF_ClearCoat_Body.uexp" 826
"../../../Engine/Plugins/Interchange/Assets/Content/gltf/M_ClearCoat.uasset" 827
"../../../Engine/Plugins/Interchange/Assets/Content/gltf/M_ClearCoat.uexp" 828
"../../../Engine/Plugins/Interchange/Assets/Content/gltf/MaterialInstances/MI_ClearCoat_Opaque_DS.uasset" 829
"../../../Engine/Plugins/Interchange/Assets/Content/gltf/MaterialInstances/MI_ClearCoat_Opaque_DS.uexp" 830
"../../../Engine/Plugins/Interchange/Assets/Content/gltf/MaterialInstances/MI_ClearCoat_Opaque.uasset" 831
"../../../Engine/Plugins/Interchange/Assets/Content/gltf/MaterialInstances/MI_ClearCoat_Opaque.uexp" 832
"../../../Engine/Plugins/Interchange/Assets/Content/gltf/MaterialInstances/MI_ClearCoat_Mask_DS.uasset" 833
"../../../Engine/Plugins/Interchange/Assets/Content/gltf/MaterialInstances/MI_ClearCoat_Mask_DS.uexp" 834
"../../../Engine/Plugins/Interchange/Assets/Content/gltf/MaterialInstances/MI_ClearCoat_Mask.uasset" 835
"../../../Engine/Plugins/Interchange/Assets/Content/gltf/MaterialInstances/MI_ClearCoat_Mask.uexp" 836
"../../../Engine/Plugins/Interchange/Assets/Content/gltf/MaterialInstances/MI_ClearCoat_Blend_DS.uasset" 837
"../../../Engine/Plugins/Interchange/Assets/Content/gltf/MaterialInstances/MI_ClearCoat_Blend_DS.uexp" 838
"../../../Engine/Plugins/Interchange/Assets/Content/gltf/MaterialInstances/MI_ClearCoat_Blend.uasset" 839
"../../../Engine/Plugins/Interchange/Assets/Content/gltf/MaterialInstances/MI_ClearCoat_Blend.uexp" 840
"../../../Engine/Plugins/Animation/DeformerGraph/Content/Deformers/DG_LinearBlendSkin_Morph_Cloth_RecomputeNormals.uasset" 841
"../../../Engine/Plugins/Animation/DeformerGraph/Content/Deformers/DG_LinearBlendSkin_Morph_Cloth_RecomputeNormals.uexp" 842
"../../../Engine/Plugins/Animation/DeformerGraph/Content/Deformers/DG_LinearBlendSkin_Morph_Cloth.uasset" 843
"../../../Engine/Plugins/Animation/DeformerGraph/Content/Deformers/DG_LinearBlendSkin_Morph_Cloth.uexp" 844
"../../../Engine/Plugins/Animation/DeformerGraph/Content/DeformerFunctions/DG_Function_LinearBlendSkin_Morph_Cloth_PositionOnly.uasset" 845
"../../../Engine/Plugins/Animation/DeformerGraph/Content/DeformerFunctions/DG_Function_LinearBlendSkin_Morph_Cloth_PositionOnly.uexp" 846
"../../../Engine/Plugins/Animation/DeformerGraph/Content/DeformerFunctions/DG_Function_LinearBlendSkin_Morph_Cloth.uasset" 847
"../../../Engine/Plugins/Animation/DeformerGraph/Content/DeformerFunctions/DG_Function_LinearBlendSkin_Morph_Cloth.uexp" 848
"../../../Engine/Plugins/Animation/DeformerGraph/Content/DeformerFunctions/DG_Function_ComputeNormalsTangents.uasset" 849
"../../../Engine/Plugins/Animation/DeformerGraph/Content/DeformerFunctions/DG_Function_ComputeNormalsTangents.uexp" 850
"../../../Engine/Content/VREditor/TransformGizmo/StartRotationHandleIndicator.ubulk" 851
"../../../Engine/Content/VREditor/TransformGizmo/StartRotationHandleIndicator.uasset" 852
"../../../Engine/Content/VREditor/TransformGizmo/StartRotationHandleIndicator.uexp" 853
"../../../Engine/Content/VREditor/Sounds/UI/Drop_Item_From_ContentBrowser.ubulk" 854
"../../../Engine/Content/VREditor/Sounds/UI/Drop_Item_From_ContentBrowser.uasset" 855
"../../../Engine/Content/VREditor/Sounds/UI/Drop_Item_From_ContentBrowser.uexp" 856
"../../../Engine/Content/VREditor/TransformGizmo/PlaneTranslationHandle.ubulk" 857
"../../../Engine/Content/VREditor/TransformGizmo/PlaneTranslationHandle.uasset" 858
"../../../Engine/Content/VREditor/TransformGizmo/PlaneTranslationHandle.uexp" 859
"../../../Engine/Content/VREditor/Sounds/UI/Object_Snaps_To_Grid.ubulk" 860
"../../../Engine/Content/VREditor/Sounds/UI/Object_Snaps_To_Grid.uasset" 861
"../../../Engine/Content/VREditor/Sounds/UI/Object_Snaps_To_Grid.uexp" 862
"../../../Engine/Content/VREditor/Sounds/UI/Selection_Changes.ubulk" 863
"../../../Engine/Content/VREditor/Sounds/UI/Selection_Changes.uasset" 864
"../../../Engine/Content/VREditor/Sounds/UI/Selection_Changes.uexp" 865
"../../../Engine/Content/VREditor/Sounds/UI/Object_Snaps_To_Another_Actor.ubulk" 866
"../../../Engine/Content/VREditor/Sounds/UI/Object_Snaps_To_Another_Actor.uasset" 867
"../../../Engine/Content/VREditor/Sounds/UI/Object_Snaps_To_Another_Actor.uexp" 868
"../../../Engine/Content/VREditor/TransformGizmo/TranslucentTransformGizmoMaterial_Inst.uasset" 869
"../../../Engine/Content/VREditor/TransformGizmo/TranslucentTransformGizmoMaterial_Inst.uexp" 870
"../../../Engine/Content/VREditor/TransformGizmo/TransformGizmoFreeRotation.ubulk" 871
"../../../Engine/Content/VREditor/TransformGizmo/TransformGizmoFreeRotation.uasset" 872
"../../../Engine/Content/VREditor/TransformGizmo/TransformGizmoFreeRotation.uexp" 873
"../../../Engine/Content/VREditor/Sounds/UI/Scaling_Down.ubulk" 874
"../../../Engine/Content/VREditor/Sounds/UI/Scaling_Down.uasset" 875
"../../../Engine/Content/VREditor/Sounds/UI/Scaling_Down.uexp" 876
"../../../Engine/Content/Functions/Engine_MaterialFunctions02/SplitComponents.uasset" 877
"../../../Engine/Content/Functions/Engine_MaterialFunctions02/SplitComponents.uexp" 878
"../../../Engine/Content/VREditor/SnapGrid/SnapGridMaterial.uasset" 879
"../../../Engine/Content/VREditor/SnapGrid/SnapGridMaterial.uexp" 880
"../../../Engine/Content/VREditor/SnapGrid/SnapGridPlaneMesh.ubulk" 881
"../../../Engine/Content/VREditor/SnapGrid/SnapGridPlaneMesh.uasset" 882
"../../../Engine/Content/VREditor/SnapGrid/SnapGridPlaneMesh.uexp" 883
"../../../Engine/Content/VREditor/Sounds/UI/Scaling_Up.ubulk" 884
"../../../Engine/Content/VREditor/Sounds/UI/Scaling_Up.uasset" 885
"../../../Engine/Content/VREditor/Sounds/UI/Scaling_Up.uexp" 886
"../../../Engine/Content/VREditor/TransformGizmo/TransformGizmoMaterial_Inst.uasset" 887
"../../../Engine/Content/VREditor/TransformGizmo/TransformGizmoMaterial_Inst.uexp" 888
"../../../Engine/Content/VREditor/Sounds/UI/Gizmo_Handle_Clicked.ubulk" 889
"../../../Engine/Content/VREditor/Sounds/UI/Gizmo_Handle_Clicked.uasset" 890
"../../../Engine/Content/VREditor/Sounds/UI/Gizmo_Handle_Clicked.uexp" 891
"../../../Engine/Content/VREditor/TransformGizmo/RotationHandleQuarter.ubulk" 892
"../../../Engine/Content/VREditor/TransformGizmo/RotationHandleQuarter.uasset" 893
"../../../Engine/Content/VREditor/TransformGizmo/RotationHandleQuarter.uexp" 894
"../../../Engine/Content/VREditor/TransformGizmo/TranslateArrowHandle.ubulk" 895
"../../../Engine/Content/VREditor/TransformGizmo/TranslateArrowHandle.uasset" 896
"../../../Engine/Content/VREditor/TransformGizmo/TranslateArrowHandle.uexp" 897
"../../../Engine/Content/VREditor/TransformGizmo/RotationHandleIndicator.ubulk" 898
"../../../Engine/Content/VREditor/TransformGizmo/RotationHandleIndicator.uasset" 899
"../../../Engine/Content/VREditor/TransformGizmo/RotationHandleIndicator.uexp" 900
"../../../Engine/Content/VREditor/TransformGizmo/UniformScaleHandle.ubulk" 901
"../../../Engine/Content/VREditor/TransformGizmo/UniformScaleHandle.uasset" 902
"../../../Engine/Content/VREditor/TransformGizmo/UniformScaleHandle.uexp" 903
"../../../Engine/Content/VREditor/TransformGizmo/RotationHandleFull.ubulk" 904
"../../../Engine/Content/VREditor/TransformGizmo/RotationHandleFull.uasset" 905
"../../../Engine/Content/VREditor/TransformGizmo/RotationHandleFull.uexp" 906
"../../../Engine/Content/VREditor/Sounds/UI/Object_PickUp.ubulk" 907
"../../../Engine/Content/VREditor/Sounds/UI/Object_PickUp.uasset" 908
"../../../Engine/Content/VREditor/Sounds/UI/Object_PickUp.uexp" 909
"../../../Engine/Content/EngineResources/LandscapeVisibilityLayerInfo.uasset" 910
"../../../Engine/Content/EngineResources/LandscapeVisibilityLayerInfo.uexp" 911
"../../../Engine/Content/EngineMaterials/BlendFunc_DefBlend.uasset" 912
"../../../Engine/Content/EngineMaterials/BlendFunc_DefBlend.uexp" 913
"../../../Engine/Content/OpenWorldTemplate/LandscapeMaterial/T_GridChecker_A.ubulk" 914
"../../../Engine/Content/OpenWorldTemplate/LandscapeMaterial/T_GridChecker_A.uasset" 915
"../../../Engine/Content/OpenWorldTemplate/LandscapeMaterial/T_GridChecker_A.uexp" 916
"../../../Engine/Content/EngineMaterials/BlendFunc_DefBase.uasset" 917
"../../../Engine/Content/EngineMaterials/BlendFunc_DefBase.uexp" 918
"../../../Engine/Content/Functions/Engine_MaterialFunctions03/Blends/Blend_Overlay.uasset" 919
"../../../Engine/Content/Functions/Engine_MaterialFunctions03/Blends/Blend_Overlay.uexp" 920
"../../../Engine/Content/Functions/Engine_MaterialFunctions01/Gradient/LinearGradient.uasset" 921
"../../../Engine/Content/Functions/Engine_MaterialFunctions01/Gradient/LinearGradient.uexp" 922
"../../../Engine/Content/Functions/Engine_MaterialFunctions01/ImageAdjustment/CheapContrast.uasset" 923
"../../../Engine/Content/Functions/Engine_MaterialFunctions01/ImageAdjustment/CheapContrast.uexp" 924
"../../../Engine/Content/OpenWorldTemplate/LandscapeMaterial/MF_ProcGrid.uasset" 925
"../../../Engine/Content/OpenWorldTemplate/LandscapeMaterial/MF_ProcGrid.uexp" 926
"../../../Engine/Content/OpenWorldTemplate/LandscapeMaterial/M_ProcGrid.uasset" 927
"../../../Engine/Content/OpenWorldTemplate/LandscapeMaterial/M_ProcGrid.uexp" 928
"../../../Engine/Content/OpenWorldTemplate/LandscapeMaterial/MI_ProcGrid.uasset" 929
"../../../Engine/Content/OpenWorldTemplate/LandscapeMaterial/MI_ProcGrid.uexp" 930
"../../../Engine/Content/EngineSky/T_Sky_Stars.ubulk" 931
"../../../Engine/Content/EngineSky/T_Sky_Stars.uasset" 932
"../../../Engine/Content/EngineSky/T_Sky_Stars.uexp" 933
"../../../Engine/Content/EngineSky/T_Sky_Clouds_M.ubulk" 934
"../../../Engine/Content/EngineSky/T_Sky_Clouds_M.uasset" 935
"../../../Engine/Content/EngineSky/T_Sky_Clouds_M.uexp" 936
"../../../Engine/Content/EngineSky/T_Sky_Blue.ubulk" 937
"../../../Engine/Content/EngineSky/T_Sky_Blue.uasset" 938
"../../../Engine/Content/EngineSky/T_Sky_Blue.uexp" 939
"../../../Engine/Content/EngineSky/M_Sky_Panning_Clouds2.uasset" 940
"../../../Engine/Content/EngineSky/M_Sky_Panning_Clouds2.uexp" 941
"../../../Engine/Content/EngineSky/SM_SkySphere.ubulk" 942
"../../../Engine/Content/EngineSky/SM_SkySphere.uasset" 943
"../../../Engine/Content/EngineSky/SM_SkySphere.uexp" 944
"../../../Engine/Content/MapTemplates/SM_Template_Map_Floor.ubulk" 945
"../../../Engine/Content/MapTemplates/SM_Template_Map_Floor.uasset" 946
"../../../Engine/Content/MapTemplates/SM_Template_Map_Floor.uexp" 947
"D:/Unreal Projects/DocentARClient/Content/Textures/Buttons/Green.uasset" 948
"D:/Unreal Projects/DocentARClient/Content/Textures/Buttons/Green.uexp" 949
"D:/Unreal Projects/DocentARClient/Content/Textures/Buttons/Blue.uasset" 950
"D:/Unreal Projects/DocentARClient/Content/Textures/Buttons/Blue.uexp" 951
"D:/Unreal Projects/DocentARClient/Content/Textures/Fonts/CookieRun_Black.uexp" 952
"D:/Unreal Projects/DocentARClient/Content/Textures/Fonts/CookieRun_Black.uasset" 953
"D:/Unreal Projects/DocentARClient/Content/Textures/Fonts/CookieRun_Black.ufont" 954
"D:/Unreal Projects/DocentARClient/Content/Textures/Fonts/CookieRun_Black_Font.uasset" 955
"D:/Unreal Projects/DocentARClient/Content/Textures/Fonts/CookieRun_Black_Font.uexp" 956
"D:/Unreal Projects/DocentARClient/Content/Textures/Fonts/CookieRun_Bold.uexp" 957
"D:/Unreal Projects/DocentARClient/Content/Textures/Fonts/CookieRun_Bold.uasset" 958
"D:/Unreal Projects/DocentARClient/Content/Textures/Fonts/CookieRun_Bold.ufont" 959
"D:/Unreal Projects/DocentARClient/Content/Textures/Fonts/CookieRun_Bold_Font.uasset" 960
"D:/Unreal Projects/DocentARClient/Content/Textures/Fonts/CookieRun_Bold_Font.uexp" 961
"D:/Unreal Projects/DocentARClient/Content/Textures/art_gallery.uasset" 962
"D:/Unreal Projects/DocentARClient/Content/Textures/art_gallery.uexp" 963
"D:/Unreal Projects/DocentARClient/Content/Textures/Buttons/Orange.uasset" 964
"D:/Unreal Projects/DocentARClient/Content/Textures/Buttons/Orange.uexp" 965
"D:/Unreal Projects/DocentARClient/Content/Textures/Buttons/Red.uasset" 966
"D:/Unreal Projects/DocentARClient/Content/Textures/Buttons/Red.uexp" 967
"D:/Unreal Projects/DocentARClient/Content/UI/WBP_DocentMain.uasset" 968
"D:/Unreal Projects/DocentARClient/Content/UI/WBP_DocentMain.uexp" 969
"../../../Engine/Content/EngineSky/M_SimpleSkyDome.uasset" 970
"../../../Engine/Content/EngineSky/M_SimpleSkyDome.uexp" 971
"D:/Unreal Projects/DocentARClient/Content/Maps/DevMap.uexp" 972
"D:/Unreal Projects/DocentARClient/Content/Maps/DevMap.umap" 973
"../../../Engine/Content/Maps/Entry_BuiltData.uasset" 974
"../../../Engine/Content/Maps/Entry_BuiltData.uexp" 975
"../../../Engine/Content/Maps/Entry.uexp" 976
"../../../Engine/Content/Maps/Entry.umap" 977
